E:\Pratima\CRM Project\VIP_CRM_Sln\GCPL_Sln\Scripts\App\AccessModuleMaster\Component\AccessModuleMasterComponent.js
E:\Pratima\CRM Project\VIP_CRM_Sln\GCPL_Sln\Scripts\App\AccessModuleMaster\Component\AccessModuleMasterComponent.js.map
E:\Pratima\CRM Project\VIP_CRM_Sln\GCPL_Sln\Scripts\App\AccessModuleMaster\Controller\AccessModuleMasterController.js
E:\Pratima\CRM Project\VIP_CRM_Sln\GCPL_Sln\Scripts\App\AccessModuleMaster\Controller\AccessModuleMasterController.js.map
E:\Pratima\CRM Project\VIP_CRM_Sln\GCPL_Sln\Scripts\App\AccessModuleMaster\Model\AccessModuleMasterModel.js
E:\Pratima\CRM Project\VIP_CRM_Sln\GCPL_Sln\Scripts\App\AccessModuleMaster\Model\AccessModuleMasterModel.js.map
E:\Pratima\CRM Project\VIP_CRM_Sln\GCPL_Sln\Scripts\App\AccessModuleMaster\Service\AccessModuleMasterService.js
E:\Pratima\CRM Project\VIP_CRM_Sln\GCPL_Sln\Scripts\App\AccessModuleMaster\Service\AccessModuleMasterService.js.map
E:\Pratima\CRM Project\VIP_CRM_Sln\GCPL_Sln\Scripts\App\ActivitiesList\Component\ActivitiesListComponent.js
E:\Pratima\CRM Project\VIP_CRM_Sln\GCPL_Sln\Scripts\App\ActivitiesList\Component\ActivitiesListComponent.js.map
E:\Pratima\CRM Project\VIP_CRM_Sln\GCPL_Sln\Scripts\App\ActivitiesList\Controller\ActivitiesListController.js
E:\Pratima\CRM Project\VIP_CRM_Sln\GCPL_Sln\Scripts\App\ActivitiesList\Controller\ActivitiesListController.js.map
E:\Pratima\CRM Project\VIP_CRM_Sln\GCPL_Sln\Scripts\App\ActivitiesList\Model\ActivitiesListModel.js
E:\Pratima\CRM Project\VIP_CRM_Sln\GCPL_Sln\Scripts\App\ActivitiesList\Model\ActivitiesListModel.js.map
E:\Pratima\CRM Project\VIP_CRM_Sln\GCPL_Sln\Scripts\App\ActivitiesList\Service\ActivitiesListService.js
E:\Pratima\CRM Project\VIP_CRM_Sln\GCPL_Sln\Scripts\App\ActivitiesList\Service\ActivitiesListService.js.map
E:\Pratima\CRM Project\VIP_CRM_Sln\GCPL_Sln\Scripts\App\ActivityOverride\Component\ActivityOverrideComponent.js
E:\Pratima\CRM Project\VIP_CRM_Sln\GCPL_Sln\Scripts\App\ActivityOverride\Component\ActivityOverrideComponent.js.map
E:\Pratima\CRM Project\VIP_CRM_Sln\GCPL_Sln\Scripts\App\ActivityOverride\Controller\ActivityOverrideController.js
E:\Pratima\CRM Project\VIP_CRM_Sln\GCPL_Sln\Scripts\App\ActivityOverride\Controller\ActivityOverrideController.js.map
E:\Pratima\CRM Project\VIP_CRM_Sln\GCPL_Sln\Scripts\App\ActivityOverride\Model\ActivityOverrideModel.js
E:\Pratima\CRM Project\VIP_CRM_Sln\GCPL_Sln\Scripts\App\ActivityOverride\Model\ActivityOverrideModel.js.map
E:\Pratima\CRM Project\VIP_CRM_Sln\GCPL_Sln\Scripts\App\ActivityOverride\Service\ActivityOverrideService.js
E:\Pratima\CRM Project\VIP_CRM_Sln\GCPL_Sln\Scripts\App\ActivityOverride\Service\ActivityOverrideService.js.map
E:\Pratima\CRM Project\VIP_CRM_Sln\GCPL_Sln\Scripts\App\AllActivities\Component\AllActivitiesComponent.js
E:\Pratima\CRM Project\VIP_CRM_Sln\GCPL_Sln\Scripts\App\AllActivities\Component\AllActivitiesComponent.js.map
E:\Pratima\CRM Project\VIP_CRM_Sln\GCPL_Sln\Scripts\App\AllActivities\Controller\AllActivitiesController.js
E:\Pratima\CRM Project\VIP_CRM_Sln\GCPL_Sln\Scripts\App\AllActivities\Controller\AllActivitiesController.js.map
E:\Pratima\CRM Project\VIP_CRM_Sln\GCPL_Sln\Scripts\App\AllActivities\Model\AllActivitiesModel.js
E:\Pratima\CRM Project\VIP_CRM_Sln\GCPL_Sln\Scripts\App\AllActivities\Model\AllActivitiesModel.js.map
E:\Pratima\CRM Project\VIP_CRM_Sln\GCPL_Sln\Scripts\App\AllActivities\Service\AllActivitiesService.js
E:\Pratima\CRM Project\VIP_CRM_Sln\GCPL_Sln\Scripts\App\AllActivities\Service\AllActivitiesService.js.map
E:\Pratima\CRM Project\VIP_CRM_Sln\GCPL_Sln\Scripts\App\AllLead\Component\AllLeadComponent.js
E:\Pratima\CRM Project\VIP_CRM_Sln\GCPL_Sln\Scripts\App\AllLead\Component\AllLeadComponent.js.map
E:\Pratima\CRM Project\VIP_CRM_Sln\GCPL_Sln\Scripts\App\AllLead\Controller\AllLeadController.js
E:\Pratima\CRM Project\VIP_CRM_Sln\GCPL_Sln\Scripts\App\AllLead\Controller\AllLeadController.js.map
E:\Pratima\CRM Project\VIP_CRM_Sln\GCPL_Sln\Scripts\App\AllLead\Model\AllLeadModel.js
E:\Pratima\CRM Project\VIP_CRM_Sln\GCPL_Sln\Scripts\App\AllLead\Model\AllLeadModel.js.map
E:\Pratima\CRM Project\VIP_CRM_Sln\GCPL_Sln\Scripts\App\AllLead\Service\AllLeadService.js
E:\Pratima\CRM Project\VIP_CRM_Sln\GCPL_Sln\Scripts\App\AllLead\Service\AllLeadService.js.map
E:\Pratima\CRM Project\VIP_CRM_Sln\GCPL_Sln\Scripts\App\AllModelsandServices\Model\AllModels.js
E:\Pratima\CRM Project\VIP_CRM_Sln\GCPL_Sln\Scripts\App\AllModelsandServices\Model\AllModels.js.map
E:\Pratima\CRM Project\VIP_CRM_Sln\GCPL_Sln\Scripts\App\AllModelsandServices\Service\AllServices.js
E:\Pratima\CRM Project\VIP_CRM_Sln\GCPL_Sln\Scripts\App\AllModelsandServices\Service\AllServices.js.map
E:\Pratima\CRM Project\VIP_CRM_Sln\GCPL_Sln\Scripts\App\AllocationOverride\Component\AllocationOverrideComponent.js
E:\Pratima\CRM Project\VIP_CRM_Sln\GCPL_Sln\Scripts\App\AllocationOverride\Component\AllocationOverrideComponent.js.map
E:\Pratima\CRM Project\VIP_CRM_Sln\GCPL_Sln\Scripts\App\AllocationOverride\Controller\AllocationOverrideController.js
E:\Pratima\CRM Project\VIP_CRM_Sln\GCPL_Sln\Scripts\App\AllocationOverride\Controller\AllocationOverrideController.js.map
E:\Pratima\CRM Project\VIP_CRM_Sln\GCPL_Sln\Scripts\App\AllocationOverride\Model\AllocationOverrideModel.js
E:\Pratima\CRM Project\VIP_CRM_Sln\GCPL_Sln\Scripts\App\AllocationOverride\Model\AllocationOverrideModel.js.map
E:\Pratima\CRM Project\VIP_CRM_Sln\GCPL_Sln\Scripts\App\AllocationOverride\Service\AllocationOverrideService.js
E:\Pratima\CRM Project\VIP_CRM_Sln\GCPL_Sln\Scripts\App\AllocationOverride\Service\AllocationOverrideService.js.map
E:\Pratima\CRM Project\VIP_CRM_Sln\GCPL_Sln\Scripts\App\App.js
E:\Pratima\CRM Project\VIP_CRM_Sln\GCPL_Sln\Scripts\App\App.js.map
E:\Pratima\CRM Project\VIP_CRM_Sln\GCPL_Sln\Scripts\App\AssessmentMaster\Component\AssessmentMasterComponent.js
E:\Pratima\CRM Project\VIP_CRM_Sln\GCPL_Sln\Scripts\App\AssessmentMaster\Component\AssessmentMasterComponent.js.map
E:\Pratima\CRM Project\VIP_CRM_Sln\GCPL_Sln\Scripts\App\AssessmentMaster\Controller\AssessmentMasterController.js
E:\Pratima\CRM Project\VIP_CRM_Sln\GCPL_Sln\Scripts\App\AssessmentMaster\Controller\AssessmentMasterController.js.map
E:\Pratima\CRM Project\VIP_CRM_Sln\GCPL_Sln\Scripts\App\AssessmentMaster\Model\AssessmentMasterModel.js
E:\Pratima\CRM Project\VIP_CRM_Sln\GCPL_Sln\Scripts\App\AssessmentMaster\Model\AssessmentMasterModel.js.map
E:\Pratima\CRM Project\VIP_CRM_Sln\GCPL_Sln\Scripts\App\AssessmentMaster\Service\AssessmentMasterService.js
E:\Pratima\CRM Project\VIP_CRM_Sln\GCPL_Sln\Scripts\App\AssessmentMaster\Service\AssessmentMasterService.js.map
E:\Pratima\CRM Project\VIP_CRM_Sln\GCPL_Sln\Scripts\App\BaseService.js
E:\Pratima\CRM Project\VIP_CRM_Sln\GCPL_Sln\Scripts\App\BaseService.js.map
E:\Pratima\CRM Project\VIP_CRM_Sln\GCPL_Sln\Scripts\App\BulkUpload\CampaignMaster\Component\CampaignMasterComponent.js
E:\Pratima\CRM Project\VIP_CRM_Sln\GCPL_Sln\Scripts\App\BulkUpload\CampaignMaster\Component\CampaignMasterComponent.js.map
E:\Pratima\CRM Project\VIP_CRM_Sln\GCPL_Sln\Scripts\App\BulkUpload\CampaignMaster\Controller\CampaignMasterController.js
E:\Pratima\CRM Project\VIP_CRM_Sln\GCPL_Sln\Scripts\App\BulkUpload\CampaignMaster\Controller\CampaignMasterController.js.map
E:\Pratima\CRM Project\VIP_CRM_Sln\GCPL_Sln\Scripts\App\BulkUpload\CampaignMaster\Model\CampaignMasterModel.js
E:\Pratima\CRM Project\VIP_CRM_Sln\GCPL_Sln\Scripts\App\BulkUpload\CampaignMaster\Model\CampaignMasterModel.js.map
E:\Pratima\CRM Project\VIP_CRM_Sln\GCPL_Sln\Scripts\App\BulkUpload\CampaignMaster\Service\CampaignMasterService.js
E:\Pratima\CRM Project\VIP_CRM_Sln\GCPL_Sln\Scripts\App\BulkUpload\CampaignMaster\Service\CampaignMasterService.js.map
E:\Pratima\CRM Project\VIP_CRM_Sln\GCPL_Sln\Scripts\App\BulkUpload\UploadCampaignExcel\Component\UploadExcelComponent.js
E:\Pratima\CRM Project\VIP_CRM_Sln\GCPL_Sln\Scripts\App\BulkUpload\UploadCampaignExcel\Component\UploadExcelComponent.js.map
E:\Pratima\CRM Project\VIP_CRM_Sln\GCPL_Sln\Scripts\App\BulkUpload\UploadCampaignExcel\Controller\UploadExcelController.js
E:\Pratima\CRM Project\VIP_CRM_Sln\GCPL_Sln\Scripts\App\BulkUpload\UploadCampaignExcel\Controller\UploadExcelController.js.map
E:\Pratima\CRM Project\VIP_CRM_Sln\GCPL_Sln\Scripts\App\BulkUpload\UploadCampaignExcel\Model\UploadExcelModel.js
E:\Pratima\CRM Project\VIP_CRM_Sln\GCPL_Sln\Scripts\App\BulkUpload\UploadCampaignExcel\Model\UploadExcelModel.js.map
E:\Pratima\CRM Project\VIP_CRM_Sln\GCPL_Sln\Scripts\App\BulkUpload\UploadCampaignExcel\Service\UploadExcelService.js
E:\Pratima\CRM Project\VIP_CRM_Sln\GCPL_Sln\Scripts\App\BulkUpload\UploadCampaignExcel\Service\UploadExcelService.js.map
E:\Pratima\CRM Project\VIP_CRM_Sln\GCPL_Sln\Scripts\App\CalendarPage\Component\CalendarPageComponent.js
E:\Pratima\CRM Project\VIP_CRM_Sln\GCPL_Sln\Scripts\App\CalendarPage\Component\CalendarPageComponent.js.map
E:\Pratima\CRM Project\VIP_CRM_Sln\GCPL_Sln\Scripts\App\CalendarPage\Controller\CalendarPageController.js
E:\Pratima\CRM Project\VIP_CRM_Sln\GCPL_Sln\Scripts\App\CalendarPage\Controller\CalendarPageController.js.map
E:\Pratima\CRM Project\VIP_CRM_Sln\GCPL_Sln\Scripts\App\CalendarPage\Model\CalendarPageModel.js
E:\Pratima\CRM Project\VIP_CRM_Sln\GCPL_Sln\Scripts\App\CalendarPage\Model\CalendarPageModel.js.map
E:\Pratima\CRM Project\VIP_CRM_Sln\GCPL_Sln\Scripts\App\CalendarPage\Service\CalendarPageService.js
E:\Pratima\CRM Project\VIP_CRM_Sln\GCPL_Sln\Scripts\App\CalendarPage\Service\CalendarPageService.js.map
E:\Pratima\CRM Project\VIP_CRM_Sln\GCPL_Sln\Scripts\App\CampaignLeads\Component\CampaignLeadsComponent.js
E:\Pratima\CRM Project\VIP_CRM_Sln\GCPL_Sln\Scripts\App\CampaignLeads\Component\CampaignLeadsComponent.js.map
E:\Pratima\CRM Project\VIP_CRM_Sln\GCPL_Sln\Scripts\App\CampaignLeads\Controller\CampaignLeadsController.js
E:\Pratima\CRM Project\VIP_CRM_Sln\GCPL_Sln\Scripts\App\CampaignLeads\Controller\CampaignLeadsController.js.map
E:\Pratima\CRM Project\VIP_CRM_Sln\GCPL_Sln\Scripts\App\CampaignLeads\Model\CampaignLeadsModel.js
E:\Pratima\CRM Project\VIP_CRM_Sln\GCPL_Sln\Scripts\App\CampaignLeads\Model\CampaignLeadsModel.js.map
E:\Pratima\CRM Project\VIP_CRM_Sln\GCPL_Sln\Scripts\App\CampaignLeads\Service\CampaignLeadsService.js
E:\Pratima\CRM Project\VIP_CRM_Sln\GCPL_Sln\Scripts\App\CampaignLeads\Service\CampaignLeadsService.js.map
E:\Pratima\CRM Project\VIP_CRM_Sln\GCPL_Sln\Scripts\App\Constatnt.js
E:\Pratima\CRM Project\VIP_CRM_Sln\GCPL_Sln\Scripts\App\Constatnt.js.map
E:\Pratima\CRM Project\VIP_CRM_Sln\GCPL_Sln\Scripts\App\CoockiesBaseController.js
E:\Pratima\CRM Project\VIP_CRM_Sln\GCPL_Sln\Scripts\App\CoockiesBaseController.js.map
E:\Pratima\CRM Project\VIP_CRM_Sln\GCPL_Sln\Scripts\App\CreateLeadForm\Component\CreateLeadFormComponent.js
E:\Pratima\CRM Project\VIP_CRM_Sln\GCPL_Sln\Scripts\App\CreateLeadForm\Component\CreateLeadFormComponent.js.map
E:\Pratima\CRM Project\VIP_CRM_Sln\GCPL_Sln\Scripts\App\CreateLeadForm\Controller\CreateLeadFormController.js
E:\Pratima\CRM Project\VIP_CRM_Sln\GCPL_Sln\Scripts\App\CreateLeadForm\Controller\CreateLeadFormController.js.map
E:\Pratima\CRM Project\VIP_CRM_Sln\GCPL_Sln\Scripts\App\CreateLeadForm\Model\CreateLeadFormModel.js
E:\Pratima\CRM Project\VIP_CRM_Sln\GCPL_Sln\Scripts\App\CreateLeadForm\Model\CreateLeadFormModel.js.map
E:\Pratima\CRM Project\VIP_CRM_Sln\GCPL_Sln\Scripts\App\CreateLeadForm\Service\CreateLeadFormService.js
E:\Pratima\CRM Project\VIP_CRM_Sln\GCPL_Sln\Scripts\App\CreateLeadForm\Service\CreateLeadFormService.js.map
E:\Pratima\CRM Project\VIP_CRM_Sln\GCPL_Sln\Scripts\App\CreateLead\Component\CreateLeadComponent.js
E:\Pratima\CRM Project\VIP_CRM_Sln\GCPL_Sln\Scripts\App\CreateLead\Component\CreateLeadComponent.js.map
E:\Pratima\CRM Project\VIP_CRM_Sln\GCPL_Sln\Scripts\App\CreateLead\Controller\CreateLeadController.js
E:\Pratima\CRM Project\VIP_CRM_Sln\GCPL_Sln\Scripts\App\CreateLead\Controller\CreateLeadController.js.map
E:\Pratima\CRM Project\VIP_CRM_Sln\GCPL_Sln\Scripts\App\CreateLead\Model\CreateLeadModel.js
E:\Pratima\CRM Project\VIP_CRM_Sln\GCPL_Sln\Scripts\App\CreateLead\Model\CreateLeadModel.js.map
E:\Pratima\CRM Project\VIP_CRM_Sln\GCPL_Sln\Scripts\App\CreateLead\Service\CreateLeadService.js
E:\Pratima\CRM Project\VIP_CRM_Sln\GCPL_Sln\Scripts\App\CreateLead\Service\CreateLeadService.js.map
E:\Pratima\CRM Project\VIP_CRM_Sln\GCPL_Sln\Scripts\App\CreateProjectTracker\Component\CreateProjectComponent.js
E:\Pratima\CRM Project\VIP_CRM_Sln\GCPL_Sln\Scripts\App\CreateProjectTracker\Component\CreateProjectComponent.js.map
E:\Pratima\CRM Project\VIP_CRM_Sln\GCPL_Sln\Scripts\App\CreateProjectTracker\Controller\CreateProjectController.js
E:\Pratima\CRM Project\VIP_CRM_Sln\GCPL_Sln\Scripts\App\CreateProjectTracker\Controller\CreateProjectController.js.map
E:\Pratima\CRM Project\VIP_CRM_Sln\GCPL_Sln\Scripts\App\CreateProjectTracker\Model\CreateProjectModel.js
E:\Pratima\CRM Project\VIP_CRM_Sln\GCPL_Sln\Scripts\App\CreateProjectTracker\Model\CreateProjectModel.js.map
E:\Pratima\CRM Project\VIP_CRM_Sln\GCPL_Sln\Scripts\App\CreateProjectTracker\Service\CreateProjectService.js
E:\Pratima\CRM Project\VIP_CRM_Sln\GCPL_Sln\Scripts\App\CreateProjectTracker\Service\CreateProjectService.js.map
E:\Pratima\CRM Project\VIP_CRM_Sln\GCPL_Sln\Scripts\App\CreateQuotation\Component\CreateQuotationComponent.js
E:\Pratima\CRM Project\VIP_CRM_Sln\GCPL_Sln\Scripts\App\CreateQuotation\Component\CreateQuotationComponent.js.map
E:\Pratima\CRM Project\VIP_CRM_Sln\GCPL_Sln\Scripts\App\CreateQuotation\Controller\CreateQuotationController.js
E:\Pratima\CRM Project\VIP_CRM_Sln\GCPL_Sln\Scripts\App\CreateQuotation\Controller\CreateQuotationController.js.map
E:\Pratima\CRM Project\VIP_CRM_Sln\GCPL_Sln\Scripts\App\CreateQuotation\Model\CreateQuotationModel.js
E:\Pratima\CRM Project\VIP_CRM_Sln\GCPL_Sln\Scripts\App\CreateQuotation\Model\CreateQuotationModel.js.map
E:\Pratima\CRM Project\VIP_CRM_Sln\GCPL_Sln\Scripts\App\CreateQuotation\Service\CreateQuotationService.js
E:\Pratima\CRM Project\VIP_CRM_Sln\GCPL_Sln\Scripts\App\CreateQuotation\Service\CreateQuotationService.js.map
E:\Pratima\CRM Project\VIP_CRM_Sln\GCPL_Sln\Scripts\App\CustomerBroadcastMaster\Component\CustomerBroadcastMasterComponent.js
E:\Pratima\CRM Project\VIP_CRM_Sln\GCPL_Sln\Scripts\App\CustomerBroadcastMaster\Component\CustomerBroadcastMasterComponent.js.map
E:\Pratima\CRM Project\VIP_CRM_Sln\GCPL_Sln\Scripts\App\CustomerBroadcastMaster\Controller\CustomerBroadcastMasterController.js
E:\Pratima\CRM Project\VIP_CRM_Sln\GCPL_Sln\Scripts\App\CustomerBroadcastMaster\Controller\CustomerBroadcastMasterController.js.map
E:\Pratima\CRM Project\VIP_CRM_Sln\GCPL_Sln\Scripts\App\CustomerBroadcastMaster\Model\CustomerBroadcastMasterModel.js
E:\Pratima\CRM Project\VIP_CRM_Sln\GCPL_Sln\Scripts\App\CustomerBroadcastMaster\Model\CustomerBroadcastMasterModel.js.map
E:\Pratima\CRM Project\VIP_CRM_Sln\GCPL_Sln\Scripts\App\CustomerBroadcastMaster\Service\CustomerBroadcastMasterService.js
E:\Pratima\CRM Project\VIP_CRM_Sln\GCPL_Sln\Scripts\App\CustomerBroadcastMaster\Service\CustomerBroadcastMasterService.js.map
E:\Pratima\CRM Project\VIP_CRM_Sln\GCPL_Sln\Scripts\App\DelegationMatrix\Component\DelegationMatrixComponent.js
E:\Pratima\CRM Project\VIP_CRM_Sln\GCPL_Sln\Scripts\App\DelegationMatrix\Component\DelegationMatrixComponent.js.map
E:\Pratima\CRM Project\VIP_CRM_Sln\GCPL_Sln\Scripts\App\DelegationMatrix\Controller\DelegationMatrixController.js
E:\Pratima\CRM Project\VIP_CRM_Sln\GCPL_Sln\Scripts\App\DelegationMatrix\Controller\DelegationMatrixController.js.map
E:\Pratima\CRM Project\VIP_CRM_Sln\GCPL_Sln\Scripts\App\DelegationMatrix\Model\DelegationMatrixModel.js
E:\Pratima\CRM Project\VIP_CRM_Sln\GCPL_Sln\Scripts\App\DelegationMatrix\Model\DelegationMatrixModel.js.map
E:\Pratima\CRM Project\VIP_CRM_Sln\GCPL_Sln\Scripts\App\DelegationMatrix\Service\DelegationMatrixService.js
E:\Pratima\CRM Project\VIP_CRM_Sln\GCPL_Sln\Scripts\App\DelegationMatrix\Service\DelegationMatrixService.js.map
E:\Pratima\CRM Project\VIP_CRM_Sln\GCPL_Sln\Scripts\App\DeliverySchedule\Component\DeliveryScheduleComponent.js
E:\Pratima\CRM Project\VIP_CRM_Sln\GCPL_Sln\Scripts\App\DeliverySchedule\Component\DeliveryScheduleComponent.js.map
E:\Pratima\CRM Project\VIP_CRM_Sln\GCPL_Sln\Scripts\App\DeliverySchedule\Controller\DeliveryScheduleController.js
E:\Pratima\CRM Project\VIP_CRM_Sln\GCPL_Sln\Scripts\App\DeliverySchedule\Controller\DeliveryScheduleController.js.map
E:\Pratima\CRM Project\VIP_CRM_Sln\GCPL_Sln\Scripts\App\DeliverySchedule\Model\DeliveryScheduleModel.js
E:\Pratima\CRM Project\VIP_CRM_Sln\GCPL_Sln\Scripts\App\DeliverySchedule\Model\DeliveryScheduleModel.js.map
E:\Pratima\CRM Project\VIP_CRM_Sln\GCPL_Sln\Scripts\App\DeliverySchedule\Service\DeliveryScheduleService.js
E:\Pratima\CRM Project\VIP_CRM_Sln\GCPL_Sln\Scripts\App\DeliverySchedule\Service\DeliveryScheduleService.js.map
E:\Pratima\CRM Project\VIP_CRM_Sln\GCPL_Sln\Scripts\App\DisplayDocuments\Component\DisplayDocumentsComponent.js
E:\Pratima\CRM Project\VIP_CRM_Sln\GCPL_Sln\Scripts\App\DisplayDocuments\Component\DisplayDocumentsComponent.js.map
E:\Pratima\CRM Project\VIP_CRM_Sln\GCPL_Sln\Scripts\App\DisplayDocuments\Controller\DisplayDocumentsController.js
E:\Pratima\CRM Project\VIP_CRM_Sln\GCPL_Sln\Scripts\App\DisplayDocuments\Controller\DisplayDocumentsController.js.map
E:\Pratima\CRM Project\VIP_CRM_Sln\GCPL_Sln\Scripts\App\DisplayDocuments\Model\DisplayDocumentsModel.js
E:\Pratima\CRM Project\VIP_CRM_Sln\GCPL_Sln\Scripts\App\DisplayDocuments\Model\DisplayDocumentsModel.js.map
E:\Pratima\CRM Project\VIP_CRM_Sln\GCPL_Sln\Scripts\App\DisplayDocuments\Service\DisplayDocumentsService.js
E:\Pratima\CRM Project\VIP_CRM_Sln\GCPL_Sln\Scripts\App\DisplayDocuments\Service\DisplayDocumentsService.js.map
E:\Pratima\CRM Project\VIP_CRM_Sln\GCPL_Sln\Scripts\App\DuplicateLead\Component\DuplicateLeadComponent.js
E:\Pratima\CRM Project\VIP_CRM_Sln\GCPL_Sln\Scripts\App\DuplicateLead\Component\DuplicateLeadComponent.js.map
E:\Pratima\CRM Project\VIP_CRM_Sln\GCPL_Sln\Scripts\App\DuplicateLead\Controller\DuplicateLeadController.js
E:\Pratima\CRM Project\VIP_CRM_Sln\GCPL_Sln\Scripts\App\DuplicateLead\Controller\DuplicateLeadController.js.map
E:\Pratima\CRM Project\VIP_CRM_Sln\GCPL_Sln\Scripts\App\DuplicateLead\Model\DuplicateLeadModel.js
E:\Pratima\CRM Project\VIP_CRM_Sln\GCPL_Sln\Scripts\App\DuplicateLead\Model\DuplicateLeadModel.js.map
E:\Pratima\CRM Project\VIP_CRM_Sln\GCPL_Sln\Scripts\App\DuplicateLead\Service\DuplicateLeadService.js
E:\Pratima\CRM Project\VIP_CRM_Sln\GCPL_Sln\Scripts\App\DuplicateLead\Service\DuplicateLeadService.js.map
E:\Pratima\CRM Project\VIP_CRM_Sln\GCPL_Sln\Scripts\App\EditQuotation\Component\EditQuotationComponent.js
E:\Pratima\CRM Project\VIP_CRM_Sln\GCPL_Sln\Scripts\App\EditQuotation\Component\EditQuotationComponent.js.map
E:\Pratima\CRM Project\VIP_CRM_Sln\GCPL_Sln\Scripts\App\EditQuotation\Controller\EditQuotationController.js
E:\Pratima\CRM Project\VIP_CRM_Sln\GCPL_Sln\Scripts\App\EditQuotation\Controller\EditQuotationController.js.map
E:\Pratima\CRM Project\VIP_CRM_Sln\GCPL_Sln\Scripts\App\EditQuotation\Model\EditQuotationModel.js
E:\Pratima\CRM Project\VIP_CRM_Sln\GCPL_Sln\Scripts\App\EditQuotation\Model\EditQuotationModel.js.map
E:\Pratima\CRM Project\VIP_CRM_Sln\GCPL_Sln\Scripts\App\EditQuotation\Service\EditQuotationService.js
E:\Pratima\CRM Project\VIP_CRM_Sln\GCPL_Sln\Scripts\App\EditQuotation\Service\EditQuotationService.js.map
E:\Pratima\CRM Project\VIP_CRM_Sln\GCPL_Sln\Scripts\App\EmailLeadDetailDelayed\Component\EmailLeadDetailDelayedComponent.js
E:\Pratima\CRM Project\VIP_CRM_Sln\GCPL_Sln\Scripts\App\EmailLeadDetailDelayed\Component\EmailLeadDetailDelayedComponent.js.map
E:\Pratima\CRM Project\VIP_CRM_Sln\GCPL_Sln\Scripts\App\EmailLeadDetailDelayed\Controller\EmailLeadDetailDelayedController.js
E:\Pratima\CRM Project\VIP_CRM_Sln\GCPL_Sln\Scripts\App\EmailLeadDetailDelayed\Controller\EmailLeadDetailDelayedController.js.map
E:\Pratima\CRM Project\VIP_CRM_Sln\GCPL_Sln\Scripts\App\EmailLeadDetailDelayed\Model\EmailLeadDetailDelayedModel.js
E:\Pratima\CRM Project\VIP_CRM_Sln\GCPL_Sln\Scripts\App\EmailLeadDetailDelayed\Model\EmailLeadDetailDelayedModel.js.map
E:\Pratima\CRM Project\VIP_CRM_Sln\GCPL_Sln\Scripts\App\EmailLeadDetailDelayed\Service\EmailLeadDetailDelayedService.js
E:\Pratima\CRM Project\VIP_CRM_Sln\GCPL_Sln\Scripts\App\EmailLeadDetailDelayed\Service\EmailLeadDetailDelayedService.js.map
E:\Pratima\CRM Project\VIP_CRM_Sln\GCPL_Sln\Scripts\App\EmployeeBroadcastMaster\Component\EmployeeBroadcastMasterComponent.js
E:\Pratima\CRM Project\VIP_CRM_Sln\GCPL_Sln\Scripts\App\EmployeeBroadcastMaster\Component\EmployeeBroadcastMasterComponent.js.map
E:\Pratima\CRM Project\VIP_CRM_Sln\GCPL_Sln\Scripts\App\EmployeeBroadcastMaster\Controller\EmployeeBroadcastMasterController.js
E:\Pratima\CRM Project\VIP_CRM_Sln\GCPL_Sln\Scripts\App\EmployeeBroadcastMaster\Controller\EmployeeBroadcastMasterController.js.map
E:\Pratima\CRM Project\VIP_CRM_Sln\GCPL_Sln\Scripts\App\EmployeeBroadcastMaster\Model\EmployeeBroadcastMasterModel.js
E:\Pratima\CRM Project\VIP_CRM_Sln\GCPL_Sln\Scripts\App\EmployeeBroadcastMaster\Model\EmployeeBroadcastMasterModel.js.map
E:\Pratima\CRM Project\VIP_CRM_Sln\GCPL_Sln\Scripts\App\EmployeeBroadcastMaster\Service\EmployeeBroadcastMasterService.js
E:\Pratima\CRM Project\VIP_CRM_Sln\GCPL_Sln\Scripts\App\EmployeeBroadcastMaster\Service\EmployeeBroadcastMasterService.js.map
E:\Pratima\CRM Project\VIP_CRM_Sln\GCPL_Sln\Scripts\App\FaultyLeadManagement\Component\FaultyLeadManagementComponent.js
E:\Pratima\CRM Project\VIP_CRM_Sln\GCPL_Sln\Scripts\App\FaultyLeadManagement\Component\FaultyLeadManagementComponent.js.map
E:\Pratima\CRM Project\VIP_CRM_Sln\GCPL_Sln\Scripts\App\FaultyLeadManagement\Controller\FaultyLeadManagementController.js
E:\Pratima\CRM Project\VIP_CRM_Sln\GCPL_Sln\Scripts\App\FaultyLeadManagement\Controller\FaultyLeadManagementController.js.map
E:\Pratima\CRM Project\VIP_CRM_Sln\GCPL_Sln\Scripts\App\FaultyLeadManagement\Model\FaultyLeadManagementModel.js
E:\Pratima\CRM Project\VIP_CRM_Sln\GCPL_Sln\Scripts\App\FaultyLeadManagement\Model\FaultyLeadManagementModel.js.map
E:\Pratima\CRM Project\VIP_CRM_Sln\GCPL_Sln\Scripts\App\FaultyLeadManagement\Service\FaultyLeadManagementService.js
E:\Pratima\CRM Project\VIP_CRM_Sln\GCPL_Sln\Scripts\App\FaultyLeadManagement\Service\FaultyLeadManagementService.js.map
E:\Pratima\CRM Project\VIP_CRM_Sln\GCPL_Sln\Scripts\App\FaultyLead\Component\FaultyLeadComponent.js
E:\Pratima\CRM Project\VIP_CRM_Sln\GCPL_Sln\Scripts\App\FaultyLead\Component\FaultyLeadComponent.js.map
E:\Pratima\CRM Project\VIP_CRM_Sln\GCPL_Sln\Scripts\App\FaultyLead\Controller\FaultyLeadController.js
E:\Pratima\CRM Project\VIP_CRM_Sln\GCPL_Sln\Scripts\App\FaultyLead\Controller\FaultyLeadController.js.map
E:\Pratima\CRM Project\VIP_CRM_Sln\GCPL_Sln\Scripts\App\FaultyLead\Model\FaultyLeadModel.js
E:\Pratima\CRM Project\VIP_CRM_Sln\GCPL_Sln\Scripts\App\FaultyLead\Model\FaultyLeadModel.js.map
E:\Pratima\CRM Project\VIP_CRM_Sln\GCPL_Sln\Scripts\App\FaultyLead\Service\FaultyLeadService.js
E:\Pratima\CRM Project\VIP_CRM_Sln\GCPL_Sln\Scripts\App\FaultyLead\Service\FaultyLeadService.js.map
E:\Pratima\CRM Project\VIP_CRM_Sln\GCPL_Sln\Scripts\App\FollowUpLead1\Component\FollowUpLead1Component.js
E:\Pratima\CRM Project\VIP_CRM_Sln\GCPL_Sln\Scripts\App\FollowUpLead1\Component\FollowUpLead1Component.js.map
E:\Pratima\CRM Project\VIP_CRM_Sln\GCPL_Sln\Scripts\App\FollowUpLead1\Controller\FollowUpLead1Controller.js
E:\Pratima\CRM Project\VIP_CRM_Sln\GCPL_Sln\Scripts\App\FollowUpLead1\Controller\FollowUpLead1Controller.js.map
E:\Pratima\CRM Project\VIP_CRM_Sln\GCPL_Sln\Scripts\App\FollowUpLead1\Model\FollowUpLead1Model.js
E:\Pratima\CRM Project\VIP_CRM_Sln\GCPL_Sln\Scripts\App\FollowUpLead1\Model\FollowUpLead1Model.js.map
E:\Pratima\CRM Project\VIP_CRM_Sln\GCPL_Sln\Scripts\App\FollowUpLead1\Service\FollowUpLead1Service.js
E:\Pratima\CRM Project\VIP_CRM_Sln\GCPL_Sln\Scripts\App\FollowUpLead1\Service\FollowUpLead1Service.js.map
E:\Pratima\CRM Project\VIP_CRM_Sln\GCPL_Sln\Scripts\App\FollowUpOpp\Component\FollowUpOppComponent.js
E:\Pratima\CRM Project\VIP_CRM_Sln\GCPL_Sln\Scripts\App\FollowUpOpp\Component\FollowUpOppComponent.js.map
E:\Pratima\CRM Project\VIP_CRM_Sln\GCPL_Sln\Scripts\App\FollowUpOpp\Controller\FollowUpOppController.js
E:\Pratima\CRM Project\VIP_CRM_Sln\GCPL_Sln\Scripts\App\FollowUpOpp\Controller\FollowUpOppController.js.map
E:\Pratima\CRM Project\VIP_CRM_Sln\GCPL_Sln\Scripts\App\FollowUpOpp\Model\FollowUpOppModel.js
E:\Pratima\CRM Project\VIP_CRM_Sln\GCPL_Sln\Scripts\App\FollowUpOpp\Model\FollowUpOppModel.js.map
E:\Pratima\CRM Project\VIP_CRM_Sln\GCPL_Sln\Scripts\App\FollowUpOpp\Service\FollowUpOppService.js
E:\Pratima\CRM Project\VIP_CRM_Sln\GCPL_Sln\Scripts\App\FollowUpOpp\Service\FollowUpOppService.js.map
E:\Pratima\CRM Project\VIP_CRM_Sln\GCPL_Sln\Scripts\App\Home\Component\HomeComponent.js
E:\Pratima\CRM Project\VIP_CRM_Sln\GCPL_Sln\Scripts\App\Home\Component\HomeComponent.js.map
E:\Pratima\CRM Project\VIP_CRM_Sln\GCPL_Sln\Scripts\App\Home\Component\MenutoggleComponent.js
E:\Pratima\CRM Project\VIP_CRM_Sln\GCPL_Sln\Scripts\App\Home\Component\MenutoggleComponent.js.map
E:\Pratima\CRM Project\VIP_CRM_Sln\GCPL_Sln\Scripts\App\Home\Component\PopularProductComponent.js
E:\Pratima\CRM Project\VIP_CRM_Sln\GCPL_Sln\Scripts\App\Home\Component\PopularProductComponent.js.map
E:\Pratima\CRM Project\VIP_CRM_Sln\GCPL_Sln\Scripts\App\Home\Component\UsernameComponent.js
E:\Pratima\CRM Project\VIP_CRM_Sln\GCPL_Sln\Scripts\App\Home\Component\UsernameComponent.js.map
E:\Pratima\CRM Project\VIP_CRM_Sln\GCPL_Sln\Scripts\App\Home\Controller\HomeController.js
E:\Pratima\CRM Project\VIP_CRM_Sln\GCPL_Sln\Scripts\App\Home\Controller\HomeController.js.map
E:\Pratima\CRM Project\VIP_CRM_Sln\GCPL_Sln\Scripts\App\Home\Model\HomeModel.js
E:\Pratima\CRM Project\VIP_CRM_Sln\GCPL_Sln\Scripts\App\Home\Model\HomeModel.js.map
E:\Pratima\CRM Project\VIP_CRM_Sln\GCPL_Sln\Scripts\App\Home\Model\PopularProduct.js
E:\Pratima\CRM Project\VIP_CRM_Sln\GCPL_Sln\Scripts\App\Home\Model\PopularProduct.js.map
E:\Pratima\CRM Project\VIP_CRM_Sln\GCPL_Sln\Scripts\App\Home\Service\BaseHomeService.js
E:\Pratima\CRM Project\VIP_CRM_Sln\GCPL_Sln\Scripts\App\Home\Service\BaseHomeService.js.map
E:\Pratima\CRM Project\VIP_CRM_Sln\GCPL_Sln\Scripts\App\Home\Service\PopularProductService.js
E:\Pratima\CRM Project\VIP_CRM_Sln\GCPL_Sln\Scripts\App\Home\Service\PopularProductService.js.map
E:\Pratima\CRM Project\VIP_CRM_Sln\GCPL_Sln\Scripts\App\Home\ViewModel\HomeViewModel.js
E:\Pratima\CRM Project\VIP_CRM_Sln\GCPL_Sln\Scripts\App\Home\ViewModel\HomeViewModel.js.map
E:\Pratima\CRM Project\VIP_CRM_Sln\GCPL_Sln\Scripts\App\ItemDetails\Component\ItemDetailsComponent.js
E:\Pratima\CRM Project\VIP_CRM_Sln\GCPL_Sln\Scripts\App\ItemDetails\Component\ItemDetailsComponent.js.map
E:\Pratima\CRM Project\VIP_CRM_Sln\GCPL_Sln\Scripts\App\ItemDetails\Controller\ItemDetailsController.js
E:\Pratima\CRM Project\VIP_CRM_Sln\GCPL_Sln\Scripts\App\ItemDetails\Controller\ItemDetailsController.js.map
E:\Pratima\CRM Project\VIP_CRM_Sln\GCPL_Sln\Scripts\App\ItemDetails\Model\ItemDetailsModel.js
E:\Pratima\CRM Project\VIP_CRM_Sln\GCPL_Sln\Scripts\App\ItemDetails\Model\ItemDetailsModel.js.map
E:\Pratima\CRM Project\VIP_CRM_Sln\GCPL_Sln\Scripts\App\ItemDetails\Service\ItemDetailsService.js
E:\Pratima\CRM Project\VIP_CRM_Sln\GCPL_Sln\Scripts\App\ItemDetails\Service\ItemDetailsService.js.map
E:\Pratima\CRM Project\VIP_CRM_Sln\GCPL_Sln\Scripts\App\LeadAssessmentList\Component\LeadAssessmentListComponent.js
E:\Pratima\CRM Project\VIP_CRM_Sln\GCPL_Sln\Scripts\App\LeadAssessmentList\Component\LeadAssessmentListComponent.js.map
E:\Pratima\CRM Project\VIP_CRM_Sln\GCPL_Sln\Scripts\App\LeadAssessmentList\Controller\LeadAssessmentListController.js
E:\Pratima\CRM Project\VIP_CRM_Sln\GCPL_Sln\Scripts\App\LeadAssessmentList\Controller\LeadAssessmentListController.js.map
E:\Pratima\CRM Project\VIP_CRM_Sln\GCPL_Sln\Scripts\App\LeadAssessmentList\Model\LeadAssessmentListModel.js
E:\Pratima\CRM Project\VIP_CRM_Sln\GCPL_Sln\Scripts\App\LeadAssessmentList\Model\LeadAssessmentListModel.js.map
E:\Pratima\CRM Project\VIP_CRM_Sln\GCPL_Sln\Scripts\App\LeadAssessmentList\Service\LeadAssessmentListService.js
E:\Pratima\CRM Project\VIP_CRM_Sln\GCPL_Sln\Scripts\App\LeadAssessmentList\Service\LeadAssessmentListService.js.map
E:\Pratima\CRM Project\VIP_CRM_Sln\GCPL_Sln\Scripts\App\LeadAssessment\Component\LeadAssessmentComponent.js
E:\Pratima\CRM Project\VIP_CRM_Sln\GCPL_Sln\Scripts\App\LeadAssessment\Component\LeadAssessmentComponent.js.map
E:\Pratima\CRM Project\VIP_CRM_Sln\GCPL_Sln\Scripts\App\LeadAssessment\Controller\LeadAssessmentController.js
E:\Pratima\CRM Project\VIP_CRM_Sln\GCPL_Sln\Scripts\App\LeadAssessment\Controller\LeadAssessmentController.js.map
E:\Pratima\CRM Project\VIP_CRM_Sln\GCPL_Sln\Scripts\App\LeadAssessment\Model\LeadAssessmentModel.js
E:\Pratima\CRM Project\VIP_CRM_Sln\GCPL_Sln\Scripts\App\LeadAssessment\Model\LeadAssessmentModel.js.map
E:\Pratima\CRM Project\VIP_CRM_Sln\GCPL_Sln\Scripts\App\LeadAssessment\Service\LeadAssessmentService.js
E:\Pratima\CRM Project\VIP_CRM_Sln\GCPL_Sln\Scripts\App\LeadAssessment\Service\LeadAssessmentService.js.map
E:\Pratima\CRM Project\VIP_CRM_Sln\GCPL_Sln\Scripts\App\LeadChangeList\Component\LeadChangeListComponent.js
E:\Pratima\CRM Project\VIP_CRM_Sln\GCPL_Sln\Scripts\App\LeadChangeList\Component\LeadChangeListComponent.js.map
E:\Pratima\CRM Project\VIP_CRM_Sln\GCPL_Sln\Scripts\App\LeadChangeList\Controller\LeadChangeListController.js
E:\Pratima\CRM Project\VIP_CRM_Sln\GCPL_Sln\Scripts\App\LeadChangeList\Controller\LeadChangeListController.js.map
E:\Pratima\CRM Project\VIP_CRM_Sln\GCPL_Sln\Scripts\App\LeadChangeList\Model\LeadChangeListModel.js
E:\Pratima\CRM Project\VIP_CRM_Sln\GCPL_Sln\Scripts\App\LeadChangeList\Model\LeadChangeListModel.js.map
E:\Pratima\CRM Project\VIP_CRM_Sln\GCPL_Sln\Scripts\App\LeadChangeList\Service\LeadChangeListService.js
E:\Pratima\CRM Project\VIP_CRM_Sln\GCPL_Sln\Scripts\App\LeadChangeList\Service\LeadChangeListService.js.map
E:\Pratima\CRM Project\VIP_CRM_Sln\GCPL_Sln\Scripts\App\LeadChange\Component\LeadChangeComponent.js
E:\Pratima\CRM Project\VIP_CRM_Sln\GCPL_Sln\Scripts\App\LeadChange\Component\LeadChangeComponent.js.map
E:\Pratima\CRM Project\VIP_CRM_Sln\GCPL_Sln\Scripts\App\LeadChange\Controller\LeadChangeController.js
E:\Pratima\CRM Project\VIP_CRM_Sln\GCPL_Sln\Scripts\App\LeadChange\Controller\LeadChangeController.js.map
E:\Pratima\CRM Project\VIP_CRM_Sln\GCPL_Sln\Scripts\App\LeadChange\Model\LeadChangeModel.js
E:\Pratima\CRM Project\VIP_CRM_Sln\GCPL_Sln\Scripts\App\LeadChange\Model\LeadChangeModel.js.map
E:\Pratima\CRM Project\VIP_CRM_Sln\GCPL_Sln\Scripts\App\LeadChange\Service\LeadChangeService.js
E:\Pratima\CRM Project\VIP_CRM_Sln\GCPL_Sln\Scripts\App\LeadChange\Service\LeadChangeService.js.map
E:\Pratima\CRM Project\VIP_CRM_Sln\GCPL_Sln\Scripts\App\LeadDashboard\Component\LeadDashboardComponent.js
E:\Pratima\CRM Project\VIP_CRM_Sln\GCPL_Sln\Scripts\App\LeadDashboard\Component\LeadDashboardComponent.js.map
E:\Pratima\CRM Project\VIP_CRM_Sln\GCPL_Sln\Scripts\App\LeadDashboard\Controller\LeadDashboardController.js
E:\Pratima\CRM Project\VIP_CRM_Sln\GCPL_Sln\Scripts\App\LeadDashboard\Controller\LeadDashboardController.js.map
E:\Pratima\CRM Project\VIP_CRM_Sln\GCPL_Sln\Scripts\App\LeadDashboard\Model\LeadDashboardModel.js
E:\Pratima\CRM Project\VIP_CRM_Sln\GCPL_Sln\Scripts\App\LeadDashboard\Model\LeadDashboardModel.js.map
E:\Pratima\CRM Project\VIP_CRM_Sln\GCPL_Sln\Scripts\App\LeadDashboard\Service\LeadDashboardService.js
E:\Pratima\CRM Project\VIP_CRM_Sln\GCPL_Sln\Scripts\App\LeadDashboard\Service\LeadDashboardService.js.map
E:\Pratima\CRM Project\VIP_CRM_Sln\GCPL_Sln\Scripts\App\LeadFollowUpList\Component\LeadFollowUpListComponent.js
E:\Pratima\CRM Project\VIP_CRM_Sln\GCPL_Sln\Scripts\App\LeadFollowUpList\Component\LeadFollowUpListComponent.js.map
E:\Pratima\CRM Project\VIP_CRM_Sln\GCPL_Sln\Scripts\App\LeadFollowUpList\Controller\LeadFollowUpListController.js
E:\Pratima\CRM Project\VIP_CRM_Sln\GCPL_Sln\Scripts\App\LeadFollowUpList\Controller\LeadFollowUpListController.js.map
E:\Pratima\CRM Project\VIP_CRM_Sln\GCPL_Sln\Scripts\App\LeadFollowUpList\Model\fLeadFollowUpListModel.js
E:\Pratima\CRM Project\VIP_CRM_Sln\GCPL_Sln\Scripts\App\LeadFollowUpList\Model\fLeadFollowUpListModel.js.map
E:\Pratima\CRM Project\VIP_CRM_Sln\GCPL_Sln\Scripts\App\LeadFollowUpList\Service\LeadFollowUpListService.js
E:\Pratima\CRM Project\VIP_CRM_Sln\GCPL_Sln\Scripts\App\LeadFollowUpList\Service\LeadFollowUpListService.js.map
E:\Pratima\CRM Project\VIP_CRM_Sln\GCPL_Sln\Scripts\App\LeadFollowUp\Component\LeadFollowUpComponent.js
E:\Pratima\CRM Project\VIP_CRM_Sln\GCPL_Sln\Scripts\App\LeadFollowUp\Component\LeadFollowUpComponent.js.map
E:\Pratima\CRM Project\VIP_CRM_Sln\GCPL_Sln\Scripts\App\LeadFollowUp\Controller\LeadFollowUpController.js
E:\Pratima\CRM Project\VIP_CRM_Sln\GCPL_Sln\Scripts\App\LeadFollowUp\Controller\LeadFollowUpController.js.map
E:\Pratima\CRM Project\VIP_CRM_Sln\GCPL_Sln\Scripts\App\LeadFollowUp\Model\LeadFollowUpModel.js
E:\Pratima\CRM Project\VIP_CRM_Sln\GCPL_Sln\Scripts\App\LeadFollowUp\Model\LeadFollowUpModel.js.map
E:\Pratima\CRM Project\VIP_CRM_Sln\GCPL_Sln\Scripts\App\LeadFollowUp\Service\LeadFollowUpService.js
E:\Pratima\CRM Project\VIP_CRM_Sln\GCPL_Sln\Scripts\App\LeadFollowUp\Service\LeadFollowUpService.js.map
E:\Pratima\CRM Project\VIP_CRM_Sln\GCPL_Sln\Scripts\App\LeadMTTRReport\Component\LeadMTTRReportComponent.js
E:\Pratima\CRM Project\VIP_CRM_Sln\GCPL_Sln\Scripts\App\LeadMTTRReport\Component\LeadMTTRReportComponent.js.map
E:\Pratima\CRM Project\VIP_CRM_Sln\GCPL_Sln\Scripts\App\LeadMTTRReport\Controller\LeadMTTRReportController.js
E:\Pratima\CRM Project\VIP_CRM_Sln\GCPL_Sln\Scripts\App\LeadMTTRReport\Controller\LeadMTTRReportController.js.map
E:\Pratima\CRM Project\VIP_CRM_Sln\GCPL_Sln\Scripts\App\LeadMTTRReport\Model\LeadMTTRReportModel.js
E:\Pratima\CRM Project\VIP_CRM_Sln\GCPL_Sln\Scripts\App\LeadMTTRReport\Model\LeadMTTRReportModel.js.map
E:\Pratima\CRM Project\VIP_CRM_Sln\GCPL_Sln\Scripts\App\LeadMTTRReport\Service\LeadMTTRReportService.js
E:\Pratima\CRM Project\VIP_CRM_Sln\GCPL_Sln\Scripts\App\LeadMTTRReport\Service\LeadMTTRReportService.js.map
E:\Pratima\CRM Project\VIP_CRM_Sln\GCPL_Sln\Scripts\App\LeadOverrideResubmit\Component\LeadOverrideResubmitComponent.js
E:\Pratima\CRM Project\VIP_CRM_Sln\GCPL_Sln\Scripts\App\LeadOverrideResubmit\Component\LeadOverrideResubmitComponent.js.map
E:\Pratima\CRM Project\VIP_CRM_Sln\GCPL_Sln\Scripts\App\LeadOverrideResubmit\Controller\LeadOverrideResubmitController.js
E:\Pratima\CRM Project\VIP_CRM_Sln\GCPL_Sln\Scripts\App\LeadOverrideResubmit\Controller\LeadOverrideResubmitController.js.map
E:\Pratima\CRM Project\VIP_CRM_Sln\GCPL_Sln\Scripts\App\LeadOverrideResubmit\Model\LeadOverrideResubmitModel.js
E:\Pratima\CRM Project\VIP_CRM_Sln\GCPL_Sln\Scripts\App\LeadOverrideResubmit\Model\LeadOverrideResubmitModel.js.map
E:\Pratima\CRM Project\VIP_CRM_Sln\GCPL_Sln\Scripts\App\LeadOverrideResubmit\Service\LeadOverrideResubmitService.js
E:\Pratima\CRM Project\VIP_CRM_Sln\GCPL_Sln\Scripts\App\LeadOverrideResubmit\Service\LeadOverrideResubmitService.js.map
E:\Pratima\CRM Project\VIP_CRM_Sln\GCPL_Sln\Scripts\App\LeadOverride\Component\LeadOverrideComponent.js
E:\Pratima\CRM Project\VIP_CRM_Sln\GCPL_Sln\Scripts\App\LeadOverride\Component\LeadOverrideComponent.js.map
E:\Pratima\CRM Project\VIP_CRM_Sln\GCPL_Sln\Scripts\App\LeadOverride\Controller\LeadOverrideController.js
E:\Pratima\CRM Project\VIP_CRM_Sln\GCPL_Sln\Scripts\App\LeadOverride\Controller\LeadOverrideController.js.map
E:\Pratima\CRM Project\VIP_CRM_Sln\GCPL_Sln\Scripts\App\LeadOverride\Model\LeadOverrideModel.js
E:\Pratima\CRM Project\VIP_CRM_Sln\GCPL_Sln\Scripts\App\LeadOverride\Model\LeadOverrideModel.js.map
E:\Pratima\CRM Project\VIP_CRM_Sln\GCPL_Sln\Scripts\App\LeadOverride\Service\LeadOverrideService.js
E:\Pratima\CRM Project\VIP_CRM_Sln\GCPL_Sln\Scripts\App\LeadOverride\Service\LeadOverrideService.js.map
E:\Pratima\CRM Project\VIP_CRM_Sln\GCPL_Sln\Scripts\App\LeadSummaryEmails\Component\LeadSummaryEmailsComponent.js
E:\Pratima\CRM Project\VIP_CRM_Sln\GCPL_Sln\Scripts\App\LeadSummaryEmails\Component\LeadSummaryEmailsComponent.js.map
E:\Pratima\CRM Project\VIP_CRM_Sln\GCPL_Sln\Scripts\App\LeadSummaryEmails\Controller\LeadSummaryEmailsController.js
E:\Pratima\CRM Project\VIP_CRM_Sln\GCPL_Sln\Scripts\App\LeadSummaryEmails\Controller\LeadSummaryEmailsController.js.map
E:\Pratima\CRM Project\VIP_CRM_Sln\GCPL_Sln\Scripts\App\LeadSummaryEmails\Model\LeadSummaryEmailsModel.js
E:\Pratima\CRM Project\VIP_CRM_Sln\GCPL_Sln\Scripts\App\LeadSummaryEmails\Model\LeadSummaryEmailsModel.js.map
E:\Pratima\CRM Project\VIP_CRM_Sln\GCPL_Sln\Scripts\App\LeadSummaryEmails\Service\LeadSummaryEmailsService.js
E:\Pratima\CRM Project\VIP_CRM_Sln\GCPL_Sln\Scripts\App\LeadSummaryEmails\Service\LeadSummaryEmailsService.js.map
E:\Pratima\CRM Project\VIP_CRM_Sln\GCPL_Sln\Scripts\App\Login\Component\LoginPageComponent.js
E:\Pratima\CRM Project\VIP_CRM_Sln\GCPL_Sln\Scripts\App\Login\Component\LoginPageComponent.js.map
E:\Pratima\CRM Project\VIP_CRM_Sln\GCPL_Sln\Scripts\App\Login\Controller\LoginPageController.js
E:\Pratima\CRM Project\VIP_CRM_Sln\GCPL_Sln\Scripts\App\Login\Controller\LoginPageController.js.map
E:\Pratima\CRM Project\VIP_CRM_Sln\GCPL_Sln\Scripts\App\Login\Model\LoginPageModel.js
E:\Pratima\CRM Project\VIP_CRM_Sln\GCPL_Sln\Scripts\App\Login\Model\LoginPageModel.js.map
E:\Pratima\CRM Project\VIP_CRM_Sln\GCPL_Sln\Scripts\App\Login\Service\LoginPageService.js
E:\Pratima\CRM Project\VIP_CRM_Sln\GCPL_Sln\Scripts\App\Login\Service\LoginPageService.js.map
E:\Pratima\CRM Project\VIP_CRM_Sln\GCPL_Sln\Scripts\App\Logout\Component\LogoutComponent.js
E:\Pratima\CRM Project\VIP_CRM_Sln\GCPL_Sln\Scripts\App\Logout\Component\LogoutComponent.js.map
E:\Pratima\CRM Project\VIP_CRM_Sln\GCPL_Sln\Scripts\App\Logout\Controller\LogoutController.js
E:\Pratima\CRM Project\VIP_CRM_Sln\GCPL_Sln\Scripts\App\Logout\Controller\LogoutController.js.map
E:\Pratima\CRM Project\VIP_CRM_Sln\GCPL_Sln\Scripts\App\ManagerDashboard\Component\ManagerDashboardComponent.js
E:\Pratima\CRM Project\VIP_CRM_Sln\GCPL_Sln\Scripts\App\ManagerDashboard\Component\ManagerDashboardComponent.js.map
E:\Pratima\CRM Project\VIP_CRM_Sln\GCPL_Sln\Scripts\App\ManagerDashboard\Controller\ManagerDashboardController.js
E:\Pratima\CRM Project\VIP_CRM_Sln\GCPL_Sln\Scripts\App\ManagerDashboard\Controller\ManagerDashboardController.js.map
E:\Pratima\CRM Project\VIP_CRM_Sln\GCPL_Sln\Scripts\App\ManagerDashboard\Model\ManagerDashboardModel.js
E:\Pratima\CRM Project\VIP_CRM_Sln\GCPL_Sln\Scripts\App\ManagerDashboard\Model\ManagerDashboardModel.js.map
E:\Pratima\CRM Project\VIP_CRM_Sln\GCPL_Sln\Scripts\App\ManagerDashboard\Service\ManagerDashboardService.js
E:\Pratima\CRM Project\VIP_CRM_Sln\GCPL_Sln\Scripts\App\ManagerDashboard\Service\ManagerDashboardService.js.map
E:\Pratima\CRM Project\VIP_CRM_Sln\GCPL_Sln\Scripts\App\MasterData\AccountTypeMaster\Component\AccountTypeMasterComponent.js
E:\Pratima\CRM Project\VIP_CRM_Sln\GCPL_Sln\Scripts\App\MasterData\AccountTypeMaster\Component\AccountTypeMasterComponent.js.map
E:\Pratima\CRM Project\VIP_CRM_Sln\GCPL_Sln\Scripts\App\MasterData\AccountTypeMaster\Controller\AccountTypeMasterController.js
E:\Pratima\CRM Project\VIP_CRM_Sln\GCPL_Sln\Scripts\App\MasterData\AccountTypeMaster\Controller\AccountTypeMasterController.js.map
E:\Pratima\CRM Project\VIP_CRM_Sln\GCPL_Sln\Scripts\App\MasterData\AccountTypeMaster\Model\AccountTypeMasterModel.js
E:\Pratima\CRM Project\VIP_CRM_Sln\GCPL_Sln\Scripts\App\MasterData\AccountTypeMaster\Model\AccountTypeMasterModel.js.map
E:\Pratima\CRM Project\VIP_CRM_Sln\GCPL_Sln\Scripts\App\MasterData\AccountTypeMaster\Service\AccountTypeMasterService.js
E:\Pratima\CRM Project\VIP_CRM_Sln\GCPL_Sln\Scripts\App\MasterData\AccountTypeMaster\Service\AccountTypeMasterService.js.map
E:\Pratima\CRM Project\VIP_CRM_Sln\GCPL_Sln\Scripts\App\MasterData\CategoryMaster\Component\CategoryMasterComponent.js
E:\Pratima\CRM Project\VIP_CRM_Sln\GCPL_Sln\Scripts\App\MasterData\CategoryMaster\Component\CategoryMasterComponent.js.map
E:\Pratima\CRM Project\VIP_CRM_Sln\GCPL_Sln\Scripts\App\MasterData\CategoryMaster\Controller\CategoryMasterController.js
E:\Pratima\CRM Project\VIP_CRM_Sln\GCPL_Sln\Scripts\App\MasterData\CategoryMaster\Controller\CategoryMasterController.js.map
E:\Pratima\CRM Project\VIP_CRM_Sln\GCPL_Sln\Scripts\App\MasterData\CategoryMaster\Model\CategoryMasterModel.js
E:\Pratima\CRM Project\VIP_CRM_Sln\GCPL_Sln\Scripts\App\MasterData\CategoryMaster\Model\CategoryMasterModel.js.map
E:\Pratima\CRM Project\VIP_CRM_Sln\GCPL_Sln\Scripts\App\MasterData\CategoryMaster\Service\CategoryMasterService.js
E:\Pratima\CRM Project\VIP_CRM_Sln\GCPL_Sln\Scripts\App\MasterData\CategoryMaster\Service\CategoryMasterService.js.map
E:\Pratima\CRM Project\VIP_CRM_Sln\GCPL_Sln\Scripts\App\MasterData\ContactMaster\Component\ContactMasterComponent.js
E:\Pratima\CRM Project\VIP_CRM_Sln\GCPL_Sln\Scripts\App\MasterData\ContactMaster\Component\ContactMasterComponent.js.map
E:\Pratima\CRM Project\VIP_CRM_Sln\GCPL_Sln\Scripts\App\MasterData\ContactMaster\Controller\ContactMasterController.js
E:\Pratima\CRM Project\VIP_CRM_Sln\GCPL_Sln\Scripts\App\MasterData\ContactMaster\Controller\ContactMasterController.js.map
E:\Pratima\CRM Project\VIP_CRM_Sln\GCPL_Sln\Scripts\App\MasterData\ContactMaster\Model\ContactMasterModel.js
E:\Pratima\CRM Project\VIP_CRM_Sln\GCPL_Sln\Scripts\App\MasterData\ContactMaster\Model\ContactMasterModel.js.map
E:\Pratima\CRM Project\VIP_CRM_Sln\GCPL_Sln\Scripts\App\MasterData\ContactMaster\Service\ContactMasterService.js
E:\Pratima\CRM Project\VIP_CRM_Sln\GCPL_Sln\Scripts\App\MasterData\ContactMaster\Service\ContactMasterService.js.map
E:\Pratima\CRM Project\VIP_CRM_Sln\GCPL_Sln\Scripts\App\MasterData\CreateContact\Component\CreateContactComponent.js
E:\Pratima\CRM Project\VIP_CRM_Sln\GCPL_Sln\Scripts\App\MasterData\CreateContact\Component\CreateContactComponent.js.map
E:\Pratima\CRM Project\VIP_CRM_Sln\GCPL_Sln\Scripts\App\MasterData\CreateContact\Controller\CreateContactController.js
E:\Pratima\CRM Project\VIP_CRM_Sln\GCPL_Sln\Scripts\App\MasterData\CreateContact\Controller\CreateContactController.js.map
E:\Pratima\CRM Project\VIP_CRM_Sln\GCPL_Sln\Scripts\App\MasterData\CreateContact\Model\CreateContactModel.js
E:\Pratima\CRM Project\VIP_CRM_Sln\GCPL_Sln\Scripts\App\MasterData\CreateContact\Model\CreateContactModel.js.map
E:\Pratima\CRM Project\VIP_CRM_Sln\GCPL_Sln\Scripts\App\MasterData\CreateContact\Service\CreateContactService.js
E:\Pratima\CRM Project\VIP_CRM_Sln\GCPL_Sln\Scripts\App\MasterData\CreateContact\Service\CreateContactService.js.map
E:\Pratima\CRM Project\VIP_CRM_Sln\GCPL_Sln\Scripts\App\MasterData\CreateCustomer\Component\CreateCustomerComponent.js
E:\Pratima\CRM Project\VIP_CRM_Sln\GCPL_Sln\Scripts\App\MasterData\CreateCustomer\Component\CreateCustomerComponent.js.map
E:\Pratima\CRM Project\VIP_CRM_Sln\GCPL_Sln\Scripts\App\MasterData\CreateCustomer\Controller\CreateCustomerController.js
E:\Pratima\CRM Project\VIP_CRM_Sln\GCPL_Sln\Scripts\App\MasterData\CreateCustomer\Controller\CreateCustomerController.js.map
E:\Pratima\CRM Project\VIP_CRM_Sln\GCPL_Sln\Scripts\App\MasterData\CreateCustomer\Model\CreateCustomerModel.js
E:\Pratima\CRM Project\VIP_CRM_Sln\GCPL_Sln\Scripts\App\MasterData\CreateCustomer\Model\CreateCustomerModel.js.map
E:\Pratima\CRM Project\VIP_CRM_Sln\GCPL_Sln\Scripts\App\MasterData\CreateCustomer\Service\CreateCustomerService.js
E:\Pratima\CRM Project\VIP_CRM_Sln\GCPL_Sln\Scripts\App\MasterData\CreateCustomer\Service\CreateCustomerService.js.map
E:\Pratima\CRM Project\VIP_CRM_Sln\GCPL_Sln\Scripts\App\MasterData\CustomerDivision\Component\CustomerDivisionComponent.js
E:\Pratima\CRM Project\VIP_CRM_Sln\GCPL_Sln\Scripts\App\MasterData\CustomerDivision\Component\CustomerDivisionComponent.js.map
E:\Pratima\CRM Project\VIP_CRM_Sln\GCPL_Sln\Scripts\App\MasterData\CustomerDivision\Controller\CustomerDivisionController.js
E:\Pratima\CRM Project\VIP_CRM_Sln\GCPL_Sln\Scripts\App\MasterData\CustomerDivision\Controller\CustomerDivisionController.js.map
E:\Pratima\CRM Project\VIP_CRM_Sln\GCPL_Sln\Scripts\App\MasterData\CustomerDivision\Model\CustomerDivisionModel.js
E:\Pratima\CRM Project\VIP_CRM_Sln\GCPL_Sln\Scripts\App\MasterData\CustomerDivision\Model\CustomerDivisionModel.js.map
E:\Pratima\CRM Project\VIP_CRM_Sln\GCPL_Sln\Scripts\App\MasterData\CustomerDivision\Service\CustomerDivisionService.js
E:\Pratima\CRM Project\VIP_CRM_Sln\GCPL_Sln\Scripts\App\MasterData\CustomerDivision\Service\CustomerDivisionService.js.map
E:\Pratima\CRM Project\VIP_CRM_Sln\GCPL_Sln\Scripts\App\MasterData\CustomerMaster\Component\CustomerMasterComponent.js
E:\Pratima\CRM Project\VIP_CRM_Sln\GCPL_Sln\Scripts\App\MasterData\CustomerMaster\Component\CustomerMasterComponent.js.map
E:\Pratima\CRM Project\VIP_CRM_Sln\GCPL_Sln\Scripts\App\MasterData\CustomerMaster\Controller\CustomerMasterController.js
E:\Pratima\CRM Project\VIP_CRM_Sln\GCPL_Sln\Scripts\App\MasterData\CustomerMaster\Controller\CustomerMasterController.js.map
E:\Pratima\CRM Project\VIP_CRM_Sln\GCPL_Sln\Scripts\App\MasterData\CustomerMaster\Model\CustomerMasterModel.js
E:\Pratima\CRM Project\VIP_CRM_Sln\GCPL_Sln\Scripts\App\MasterData\CustomerMaster\Model\CustomerMasterModel.js.map
E:\Pratima\CRM Project\VIP_CRM_Sln\GCPL_Sln\Scripts\App\MasterData\CustomerMaster\Service\CustomerMasterService.js
E:\Pratima\CRM Project\VIP_CRM_Sln\GCPL_Sln\Scripts\App\MasterData\CustomerMaster\Service\CustomerMasterService.js.map
E:\Pratima\CRM Project\VIP_CRM_Sln\GCPL_Sln\Scripts\App\MasterData\DistributionChannel\Component\DistributionChannelComponent.js
E:\Pratima\CRM Project\VIP_CRM_Sln\GCPL_Sln\Scripts\App\MasterData\DistributionChannel\Component\DistributionChannelComponent.js.map
E:\Pratima\CRM Project\VIP_CRM_Sln\GCPL_Sln\Scripts\App\MasterData\DistributionChannel\Controller\DistributionChannelController.js
E:\Pratima\CRM Project\VIP_CRM_Sln\GCPL_Sln\Scripts\App\MasterData\DistributionChannel\Controller\DistributionChannelController.js.map
E:\Pratima\CRM Project\VIP_CRM_Sln\GCPL_Sln\Scripts\App\MasterData\DistributionChannel\Model\DistributionChannelModel.js
E:\Pratima\CRM Project\VIP_CRM_Sln\GCPL_Sln\Scripts\App\MasterData\DistributionChannel\Model\DistributionChannelModel.js.map
E:\Pratima\CRM Project\VIP_CRM_Sln\GCPL_Sln\Scripts\App\MasterData\DistributionChannel\Service\DistributionChannelService.js
E:\Pratima\CRM Project\VIP_CRM_Sln\GCPL_Sln\Scripts\App\MasterData\DistributionChannel\Service\DistributionChannelService.js.map
E:\Pratima\CRM Project\VIP_CRM_Sln\GCPL_Sln\Scripts\App\MasterData\DivisionMaster\Component\DivisionMasterComponent.js
E:\Pratima\CRM Project\VIP_CRM_Sln\GCPL_Sln\Scripts\App\MasterData\DivisionMaster\Component\DivisionMasterComponent.js.map
E:\Pratima\CRM Project\VIP_CRM_Sln\GCPL_Sln\Scripts\App\MasterData\DivisionMaster\Controller\DivisionMasterController.js
E:\Pratima\CRM Project\VIP_CRM_Sln\GCPL_Sln\Scripts\App\MasterData\DivisionMaster\Controller\DivisionMasterController.js.map
E:\Pratima\CRM Project\VIP_CRM_Sln\GCPL_Sln\Scripts\App\MasterData\DivisionMaster\Model\DivisionMasterModel.js
E:\Pratima\CRM Project\VIP_CRM_Sln\GCPL_Sln\Scripts\App\MasterData\DivisionMaster\Model\DivisionMasterModel.js.map
E:\Pratima\CRM Project\VIP_CRM_Sln\GCPL_Sln\Scripts\App\MasterData\DivisionMaster\Service\DivisionMasterService.js
E:\Pratima\CRM Project\VIP_CRM_Sln\GCPL_Sln\Scripts\App\MasterData\DivisionMaster\Service\DivisionMasterService.js.map
E:\Pratima\CRM Project\VIP_CRM_Sln\GCPL_Sln\Scripts\App\MasterData\IndustrialSegmentMaster\Component\IndustrialSegmentMasterComponent.js
E:\Pratima\CRM Project\VIP_CRM_Sln\GCPL_Sln\Scripts\App\MasterData\IndustrialSegmentMaster\Component\IndustrialSegmentMasterComponent.js.map
E:\Pratima\CRM Project\VIP_CRM_Sln\GCPL_Sln\Scripts\App\MasterData\IndustrialSegmentMaster\Controller\IndustrialSegmentMasterController.js
E:\Pratima\CRM Project\VIP_CRM_Sln\GCPL_Sln\Scripts\App\MasterData\IndustrialSegmentMaster\Controller\IndustrialSegmentMasterController.js.map
E:\Pratima\CRM Project\VIP_CRM_Sln\GCPL_Sln\Scripts\App\MasterData\IndustrialSegmentMaster\Model\IndustrialSegmentMasterModel.js
E:\Pratima\CRM Project\VIP_CRM_Sln\GCPL_Sln\Scripts\App\MasterData\IndustrialSegmentMaster\Model\IndustrialSegmentMasterModel.js.map
E:\Pratima\CRM Project\VIP_CRM_Sln\GCPL_Sln\Scripts\App\MasterData\IndustrialSegmentMaster\Service\IndustrialSegmentMasterService.js
E:\Pratima\CRM Project\VIP_CRM_Sln\GCPL_Sln\Scripts\App\MasterData\IndustrialSegmentMaster\Service\IndustrialSegmentMasterService.js.map
E:\Pratima\CRM Project\VIP_CRM_Sln\GCPL_Sln\Scripts\App\MasterData\IndustryDivision\Component\IndustryDivisionComponent.js
E:\Pratima\CRM Project\VIP_CRM_Sln\GCPL_Sln\Scripts\App\MasterData\IndustryDivision\Component\IndustryDivisionComponent.js.map
E:\Pratima\CRM Project\VIP_CRM_Sln\GCPL_Sln\Scripts\App\MasterData\IndustryDivision\Controller\IndustryDivisionController.js
E:\Pratima\CRM Project\VIP_CRM_Sln\GCPL_Sln\Scripts\App\MasterData\IndustryDivision\Controller\IndustryDivisionController.js.map
E:\Pratima\CRM Project\VIP_CRM_Sln\GCPL_Sln\Scripts\App\MasterData\IndustryDivision\Model\IndustryDivisionModel.js
E:\Pratima\CRM Project\VIP_CRM_Sln\GCPL_Sln\Scripts\App\MasterData\IndustryDivision\Model\IndustryDivisionModel.js.map
E:\Pratima\CRM Project\VIP_CRM_Sln\GCPL_Sln\Scripts\App\MasterData\IndustryDivision\Service\IndustryDivisionService.js
E:\Pratima\CRM Project\VIP_CRM_Sln\GCPL_Sln\Scripts\App\MasterData\IndustryDivision\Service\IndustryDivisionService.js.map
E:\Pratima\CRM Project\VIP_CRM_Sln\GCPL_Sln\Scripts\App\MasterData\LeadCategory\Component\LeadCategoryComponent.js
E:\Pratima\CRM Project\VIP_CRM_Sln\GCPL_Sln\Scripts\App\MasterData\LeadCategory\Component\LeadCategoryComponent.js.map
E:\Pratima\CRM Project\VIP_CRM_Sln\GCPL_Sln\Scripts\App\MasterData\LeadCategory\Controller\LeadCategoryController.js
E:\Pratima\CRM Project\VIP_CRM_Sln\GCPL_Sln\Scripts\App\MasterData\LeadCategory\Controller\LeadCategoryController.js.map
E:\Pratima\CRM Project\VIP_CRM_Sln\GCPL_Sln\Scripts\App\MasterData\LeadCategory\Model\LeadCategoryModel.js
E:\Pratima\CRM Project\VIP_CRM_Sln\GCPL_Sln\Scripts\App\MasterData\LeadCategory\Model\LeadCategoryModel.js.map
E:\Pratima\CRM Project\VIP_CRM_Sln\GCPL_Sln\Scripts\App\MasterData\LeadCategory\Service\LeadCategoryService.js
E:\Pratima\CRM Project\VIP_CRM_Sln\GCPL_Sln\Scripts\App\MasterData\LeadCategory\Service\LeadCategoryService.js.map
E:\Pratima\CRM Project\VIP_CRM_Sln\GCPL_Sln\Scripts\App\MasterData\LeadSource\Component\LeadSourceComponent.js
E:\Pratima\CRM Project\VIP_CRM_Sln\GCPL_Sln\Scripts\App\MasterData\LeadSource\Component\LeadSourceComponent.js.map
E:\Pratima\CRM Project\VIP_CRM_Sln\GCPL_Sln\Scripts\App\MasterData\LeadSource\Controller\LeadSourceController.js
E:\Pratima\CRM Project\VIP_CRM_Sln\GCPL_Sln\Scripts\App\MasterData\LeadSource\Controller\LeadSourceController.js.map
E:\Pratima\CRM Project\VIP_CRM_Sln\GCPL_Sln\Scripts\App\MasterData\LeadSource\Model\LeadSourceModel.js
E:\Pratima\CRM Project\VIP_CRM_Sln\GCPL_Sln\Scripts\App\MasterData\LeadSource\Model\LeadSourceModel.js.map
E:\Pratima\CRM Project\VIP_CRM_Sln\GCPL_Sln\Scripts\App\MasterData\LeadSource\Service\LeadSourceService.js
E:\Pratima\CRM Project\VIP_CRM_Sln\GCPL_Sln\Scripts\App\MasterData\LeadSource\Service\LeadSourceService.js.map
E:\Pratima\CRM Project\VIP_CRM_Sln\GCPL_Sln\Scripts\App\MasterData\ModelMaster\Component\ModelMasterComponent.js
E:\Pratima\CRM Project\VIP_CRM_Sln\GCPL_Sln\Scripts\App\MasterData\ModelMaster\Component\ModelMasterComponent.js.map
E:\Pratima\CRM Project\VIP_CRM_Sln\GCPL_Sln\Scripts\App\MasterData\ModelMaster\Controller\ModelMasterController.js
E:\Pratima\CRM Project\VIP_CRM_Sln\GCPL_Sln\Scripts\App\MasterData\ModelMaster\Controller\ModelMasterController.js.map
E:\Pratima\CRM Project\VIP_CRM_Sln\GCPL_Sln\Scripts\App\MasterData\ModelMaster\Model\ModelMasterModel.js
E:\Pratima\CRM Project\VIP_CRM_Sln\GCPL_Sln\Scripts\App\MasterData\ModelMaster\Model\ModelMasterModel.js.map
E:\Pratima\CRM Project\VIP_CRM_Sln\GCPL_Sln\Scripts\App\MasterData\ModelMaster\Service\ModelMasterService.js
E:\Pratima\CRM Project\VIP_CRM_Sln\GCPL_Sln\Scripts\App\MasterData\ModelMaster\Service\ModelMasterService.js.map
E:\Pratima\CRM Project\VIP_CRM_Sln\GCPL_Sln\Scripts\App\MasterData\OtherMachine\Component\OtherMachineComponent.js
E:\Pratima\CRM Project\VIP_CRM_Sln\GCPL_Sln\Scripts\App\MasterData\OtherMachine\Component\OtherMachineComponent.js.map
E:\Pratima\CRM Project\VIP_CRM_Sln\GCPL_Sln\Scripts\App\MasterData\OtherMachine\Controller\OtherMachineController.js
E:\Pratima\CRM Project\VIP_CRM_Sln\GCPL_Sln\Scripts\App\MasterData\OtherMachine\Controller\OtherMachineController.js.map
E:\Pratima\CRM Project\VIP_CRM_Sln\GCPL_Sln\Scripts\App\MasterData\OtherMachine\Model\OtherMachineModel.js
E:\Pratima\CRM Project\VIP_CRM_Sln\GCPL_Sln\Scripts\App\MasterData\OtherMachine\Model\OtherMachineModel.js.map
E:\Pratima\CRM Project\VIP_CRM_Sln\GCPL_Sln\Scripts\App\MasterData\OtherMachine\Service\OtherMachineService.js
E:\Pratima\CRM Project\VIP_CRM_Sln\GCPL_Sln\Scripts\App\MasterData\OtherMachine\Service\OtherMachineService.js.map
E:\Pratima\CRM Project\VIP_CRM_Sln\GCPL_Sln\Scripts\App\MasterData\ProductMaster\Component\ProductMasterComponent.js
E:\Pratima\CRM Project\VIP_CRM_Sln\GCPL_Sln\Scripts\App\MasterData\ProductMaster\Component\ProductMasterComponent.js.map
E:\Pratima\CRM Project\VIP_CRM_Sln\GCPL_Sln\Scripts\App\MasterData\ProductMaster\Controller\ProductMasterController.js
E:\Pratima\CRM Project\VIP_CRM_Sln\GCPL_Sln\Scripts\App\MasterData\ProductMaster\Controller\ProductMasterController.js.map
E:\Pratima\CRM Project\VIP_CRM_Sln\GCPL_Sln\Scripts\App\MasterData\ProductMaster\Model\ProductMasterModel.js
E:\Pratima\CRM Project\VIP_CRM_Sln\GCPL_Sln\Scripts\App\MasterData\ProductMaster\Model\ProductMasterModel.js.map
E:\Pratima\CRM Project\VIP_CRM_Sln\GCPL_Sln\Scripts\App\MasterData\ProductMaster\Service\ProductMasterService.js
E:\Pratima\CRM Project\VIP_CRM_Sln\GCPL_Sln\Scripts\App\MasterData\ProductMaster\Service\ProductMasterService.js.map
E:\Pratima\CRM Project\VIP_CRM_Sln\GCPL_Sln\Scripts\App\MasterData\RegionMaster\Component\RegionMasterComponent.js
E:\Pratima\CRM Project\VIP_CRM_Sln\GCPL_Sln\Scripts\App\MasterData\RegionMaster\Component\RegionMasterComponent.js.map
E:\Pratima\CRM Project\VIP_CRM_Sln\GCPL_Sln\Scripts\App\MasterData\RegionMaster\Controller\RegionMasterController.js
E:\Pratima\CRM Project\VIP_CRM_Sln\GCPL_Sln\Scripts\App\MasterData\RegionMaster\Controller\RegionMasterController.js.map
E:\Pratima\CRM Project\VIP_CRM_Sln\GCPL_Sln\Scripts\App\MasterData\RegionMaster\Model\RegionMasterModel.js
E:\Pratima\CRM Project\VIP_CRM_Sln\GCPL_Sln\Scripts\App\MasterData\RegionMaster\Model\RegionMasterModel.js.map
E:\Pratima\CRM Project\VIP_CRM_Sln\GCPL_Sln\Scripts\App\MasterData\RegionMaster\Service\RegionMasterService.js
E:\Pratima\CRM Project\VIP_CRM_Sln\GCPL_Sln\Scripts\App\MasterData\RegionMaster\Service\RegionMasterService.js.map
E:\Pratima\CRM Project\VIP_CRM_Sln\GCPL_Sln\Scripts\App\MasterData\SalesAreaData\Component\SalesAreaDataComponent.js
E:\Pratima\CRM Project\VIP_CRM_Sln\GCPL_Sln\Scripts\App\MasterData\SalesAreaData\Component\SalesAreaDataComponent.js.map
E:\Pratima\CRM Project\VIP_CRM_Sln\GCPL_Sln\Scripts\App\MasterData\SalesAreaData\Controller\SalesAreaDataController.js
E:\Pratima\CRM Project\VIP_CRM_Sln\GCPL_Sln\Scripts\App\MasterData\SalesAreaData\Controller\SalesAreaDataController.js.map
E:\Pratima\CRM Project\VIP_CRM_Sln\GCPL_Sln\Scripts\App\MasterData\SalesAreaData\Model\SalesAreaDataModel.js
E:\Pratima\CRM Project\VIP_CRM_Sln\GCPL_Sln\Scripts\App\MasterData\SalesAreaData\Model\SalesAreaDataModel.js.map
E:\Pratima\CRM Project\VIP_CRM_Sln\GCPL_Sln\Scripts\App\MasterData\SalesAreaData\Service\SalesAreaDataService.js
E:\Pratima\CRM Project\VIP_CRM_Sln\GCPL_Sln\Scripts\App\MasterData\SalesAreaData\Service\SalesAreaDataService.js.map
E:\Pratima\CRM Project\VIP_CRM_Sln\GCPL_Sln\Scripts\App\MasterData\SalesOrg\Component\SalesOrgComponent.js
E:\Pratima\CRM Project\VIP_CRM_Sln\GCPL_Sln\Scripts\App\MasterData\SalesOrg\Component\SalesOrgComponent.js.map
E:\Pratima\CRM Project\VIP_CRM_Sln\GCPL_Sln\Scripts\App\MasterData\SalesOrg\Controller\SalesOrgController.js
E:\Pratima\CRM Project\VIP_CRM_Sln\GCPL_Sln\Scripts\App\MasterData\SalesOrg\Controller\SalesOrgController.js.map
E:\Pratima\CRM Project\VIP_CRM_Sln\GCPL_Sln\Scripts\App\MasterData\SalesOrg\Model\SalesOrgModel.js
E:\Pratima\CRM Project\VIP_CRM_Sln\GCPL_Sln\Scripts\App\MasterData\SalesOrg\Model\SalesOrgModel.js.map
E:\Pratima\CRM Project\VIP_CRM_Sln\GCPL_Sln\Scripts\App\MasterData\SalesOrg\Service\SalesOrgService.js
E:\Pratima\CRM Project\VIP_CRM_Sln\GCPL_Sln\Scripts\App\MasterData\SalesOrg\Service\SalesOrgService.js.map
E:\Pratima\CRM Project\VIP_CRM_Sln\GCPL_Sln\Scripts\App\MasterData\Subsource2\Component\Subsource2Component.js
E:\Pratima\CRM Project\VIP_CRM_Sln\GCPL_Sln\Scripts\App\MasterData\Subsource2\Component\Subsource2Component.js.map
E:\Pratima\CRM Project\VIP_CRM_Sln\GCPL_Sln\Scripts\App\MasterData\Subsource2\Controller\Subsource2Controller.js
E:\Pratima\CRM Project\VIP_CRM_Sln\GCPL_Sln\Scripts\App\MasterData\Subsource2\Controller\Subsource2Controller.js.map
E:\Pratima\CRM Project\VIP_CRM_Sln\GCPL_Sln\Scripts\App\MasterData\Subsource2\Model\Subsource2Model.js
E:\Pratima\CRM Project\VIP_CRM_Sln\GCPL_Sln\Scripts\App\MasterData\Subsource2\Model\Subsource2Model.js.map
E:\Pratima\CRM Project\VIP_CRM_Sln\GCPL_Sln\Scripts\App\MasterData\Subsource2\Service\Subsource2Service.js
E:\Pratima\CRM Project\VIP_CRM_Sln\GCPL_Sln\Scripts\App\MasterData\Subsource2\Service\Subsource2Service.js.map
E:\Pratima\CRM Project\VIP_CRM_Sln\GCPL_Sln\Scripts\App\MasterData\SubSource\Component\SubSourceComponent.js
E:\Pratima\CRM Project\VIP_CRM_Sln\GCPL_Sln\Scripts\App\MasterData\SubSource\Component\SubSourceComponent.js.map
E:\Pratima\CRM Project\VIP_CRM_Sln\GCPL_Sln\Scripts\App\MasterData\SubSource\Controller\SubSourceController.js
E:\Pratima\CRM Project\VIP_CRM_Sln\GCPL_Sln\Scripts\App\MasterData\SubSource\Controller\SubSourceController.js.map
E:\Pratima\CRM Project\VIP_CRM_Sln\GCPL_Sln\Scripts\App\MasterData\SubSource\Model\SubSourceModel.js
E:\Pratima\CRM Project\VIP_CRM_Sln\GCPL_Sln\Scripts\App\MasterData\SubSource\Model\SubSourceModel.js.map
E:\Pratima\CRM Project\VIP_CRM_Sln\GCPL_Sln\Scripts\App\MasterData\SubSource\Service\SubSourceService.js
E:\Pratima\CRM Project\VIP_CRM_Sln\GCPL_Sln\Scripts\App\MasterData\SubSource\Service\SubSourceService.js.map
E:\Pratima\CRM Project\VIP_CRM_Sln\GCPL_Sln\Scripts\App\Menu\Component\MenuComponent.js
E:\Pratima\CRM Project\VIP_CRM_Sln\GCPL_Sln\Scripts\App\Menu\Component\MenuComponent.js.map
E:\Pratima\CRM Project\VIP_CRM_Sln\GCPL_Sln\Scripts\App\Menu\Controller\MenuController.js
E:\Pratima\CRM Project\VIP_CRM_Sln\GCPL_Sln\Scripts\App\Menu\Controller\MenuController.js.map
E:\Pratima\CRM Project\VIP_CRM_Sln\GCPL_Sln\Scripts\App\Menu\Model\MenuModel.js
E:\Pratima\CRM Project\VIP_CRM_Sln\GCPL_Sln\Scripts\App\Menu\Model\MenuModel.js.map
E:\Pratima\CRM Project\VIP_CRM_Sln\GCPL_Sln\Scripts\App\Menu\Service\MenuService.js
E:\Pratima\CRM Project\VIP_CRM_Sln\GCPL_Sln\Scripts\App\Menu\Service\MenuService.js.map
E:\Pratima\CRM Project\VIP_CRM_Sln\GCPL_Sln\Scripts\App\MyLeadsDashboard\Component\MyLeadsDashboardComponent.js
E:\Pratima\CRM Project\VIP_CRM_Sln\GCPL_Sln\Scripts\App\MyLeadsDashboard\Component\MyLeadsDashboardComponent.js.map
E:\Pratima\CRM Project\VIP_CRM_Sln\GCPL_Sln\Scripts\App\MyLeadsDashboard\Controller\MyLeadsDashboardController.js
E:\Pratima\CRM Project\VIP_CRM_Sln\GCPL_Sln\Scripts\App\MyLeadsDashboard\Controller\MyLeadsDashboardController.js.map
E:\Pratima\CRM Project\VIP_CRM_Sln\GCPL_Sln\Scripts\App\MyLeadsDashboard\Model\MyLeadsDashboardModel.js
E:\Pratima\CRM Project\VIP_CRM_Sln\GCPL_Sln\Scripts\App\MyLeadsDashboard\Model\MyLeadsDashboardModel.js.map
E:\Pratima\CRM Project\VIP_CRM_Sln\GCPL_Sln\Scripts\App\MyLeadsDashboard\Service\MyLeadsDashboardService.js
E:\Pratima\CRM Project\VIP_CRM_Sln\GCPL_Sln\Scripts\App\MyLeadsDashboard\Service\MyLeadsDashboardService.js.map
E:\Pratima\CRM Project\VIP_CRM_Sln\GCPL_Sln\Scripts\App\MyRoutes.js
E:\Pratima\CRM Project\VIP_CRM_Sln\GCPL_Sln\Scripts\App\MyRoutes.js.map
E:\Pratima\CRM Project\VIP_CRM_Sln\GCPL_Sln\Scripts\App\MyTeamsLeadDashboard\Component\MyTeamsLeadDashboardComponent.js
E:\Pratima\CRM Project\VIP_CRM_Sln\GCPL_Sln\Scripts\App\MyTeamsLeadDashboard\Component\MyTeamsLeadDashboardComponent.js.map
E:\Pratima\CRM Project\VIP_CRM_Sln\GCPL_Sln\Scripts\App\MyTeamsLeadDashboard\Controller\MyTeamsLeadDashboardController.js
E:\Pratima\CRM Project\VIP_CRM_Sln\GCPL_Sln\Scripts\App\MyTeamsLeadDashboard\Controller\MyTeamsLeadDashboardController.js.map
E:\Pratima\CRM Project\VIP_CRM_Sln\GCPL_Sln\Scripts\App\MyTeamsLeadDashboard\Model\MyTeamsLeadDashboardModel.js
E:\Pratima\CRM Project\VIP_CRM_Sln\GCPL_Sln\Scripts\App\MyTeamsLeadDashboard\Model\MyTeamsLeadDashboardModel.js.map
E:\Pratima\CRM Project\VIP_CRM_Sln\GCPL_Sln\Scripts\App\MyTeamsLeadDashboard\Service\MyTeamsLeadDashboardService.js
E:\Pratima\CRM Project\VIP_CRM_Sln\GCPL_Sln\Scripts\App\MyTeamsLeadDashboard\Service\MyTeamsLeadDashboardService.js.map
E:\Pratima\CRM Project\VIP_CRM_Sln\GCPL_Sln\Scripts\App\MyWidget\Component\BootstrapModalBox\BootstrapModalBoxComponent.js
E:\Pratima\CRM Project\VIP_CRM_Sln\GCPL_Sln\Scripts\App\MyWidget\Component\BootstrapModalBox\BootstrapModalBoxComponent.js.map
E:\Pratima\CRM Project\VIP_CRM_Sln\GCPL_Sln\Scripts\App\MyWidget\Component\BootstrapModalBox\DeletedMessage.js
E:\Pratima\CRM Project\VIP_CRM_Sln\GCPL_Sln\Scripts\App\MyWidget\Component\BootstrapModalBox\DeletedMessage.js.map
E:\Pratima\CRM Project\VIP_CRM_Sln\GCPL_Sln\Scripts\App\MyWidget\Component\BootstrapModalBox\ErrorMessage.js
E:\Pratima\CRM Project\VIP_CRM_Sln\GCPL_Sln\Scripts\App\MyWidget\Component\BootstrapModalBox\ErrorMessage.js.map
E:\Pratima\CRM Project\VIP_CRM_Sln\GCPL_Sln\Scripts\App\MyWidget\Component\BootstrapModalBox\NotSubscribed.js
E:\Pratima\CRM Project\VIP_CRM_Sln\GCPL_Sln\Scripts\App\MyWidget\Component\BootstrapModalBox\NotSubscribed.js.map
E:\Pratima\CRM Project\VIP_CRM_Sln\GCPL_Sln\Scripts\App\MyWidget\Component\Dropdown\DropdownComponent.js
E:\Pratima\CRM Project\VIP_CRM_Sln\GCPL_Sln\Scripts\App\MyWidget\Component\Dropdown\DropdownComponent.js.map
E:\Pratima\CRM Project\VIP_CRM_Sln\GCPL_Sln\Scripts\App\Otp\Component\OtpComponent.js
E:\Pratima\CRM Project\VIP_CRM_Sln\GCPL_Sln\Scripts\App\Otp\Component\OtpComponent.js.map
E:\Pratima\CRM Project\VIP_CRM_Sln\GCPL_Sln\Scripts\App\Otp\Controller\OtpController.js
E:\Pratima\CRM Project\VIP_CRM_Sln\GCPL_Sln\Scripts\App\Otp\Controller\OtpController.js.map
E:\Pratima\CRM Project\VIP_CRM_Sln\GCPL_Sln\Scripts\App\Otp\Model\OtpModel.js
E:\Pratima\CRM Project\VIP_CRM_Sln\GCPL_Sln\Scripts\App\Otp\Model\OtpModel.js.map
E:\Pratima\CRM Project\VIP_CRM_Sln\GCPL_Sln\Scripts\App\Otp\Service\OtpService.js
E:\Pratima\CRM Project\VIP_CRM_Sln\GCPL_Sln\Scripts\App\Otp\Service\OtpService.js.map
E:\Pratima\CRM Project\VIP_CRM_Sln\GCPL_Sln\Scripts\App\OverallDashboard\Component\OverallDashboardComponent.js
E:\Pratima\CRM Project\VIP_CRM_Sln\GCPL_Sln\Scripts\App\OverallDashboard\Component\OverallDashboardComponent.js.map
E:\Pratima\CRM Project\VIP_CRM_Sln\GCPL_Sln\Scripts\App\OverallDashboard\Controller\OverallDashboardController.js
E:\Pratima\CRM Project\VIP_CRM_Sln\GCPL_Sln\Scripts\App\OverallDashboard\Controller\OverallDashboardController.js.map
E:\Pratima\CRM Project\VIP_CRM_Sln\GCPL_Sln\Scripts\App\OverallDashboard\Model\OverallDashboardModel.js
E:\Pratima\CRM Project\VIP_CRM_Sln\GCPL_Sln\Scripts\App\OverallDashboard\Model\OverallDashboardModel.js.map
E:\Pratima\CRM Project\VIP_CRM_Sln\GCPL_Sln\Scripts\App\OverallDashboard\Service\OverallDashboardService.js
E:\Pratima\CRM Project\VIP_CRM_Sln\GCPL_Sln\Scripts\App\OverallDashboard\Service\OverallDashboardService.js.map
E:\Pratima\CRM Project\VIP_CRM_Sln\GCPL_Sln\Scripts\App\ProjectTrackerDashboard\Component\ProjectTrackerDashboardComponent.js
E:\Pratima\CRM Project\VIP_CRM_Sln\GCPL_Sln\Scripts\App\ProjectTrackerDashboard\Component\ProjectTrackerDashboardComponent.js.map
E:\Pratima\CRM Project\VIP_CRM_Sln\GCPL_Sln\Scripts\App\ProjectTrackerDashboard\Controller\ProjectTrackerDashboardController.js
E:\Pratima\CRM Project\VIP_CRM_Sln\GCPL_Sln\Scripts\App\ProjectTrackerDashboard\Controller\ProjectTrackerDashboardController.js.map
E:\Pratima\CRM Project\VIP_CRM_Sln\GCPL_Sln\Scripts\App\ProjectTrackerDashboard\Model\ProjectTrackerDashboardModel.js
E:\Pratima\CRM Project\VIP_CRM_Sln\GCPL_Sln\Scripts\App\ProjectTrackerDashboard\Model\ProjectTrackerDashboardModel.js.map
E:\Pratima\CRM Project\VIP_CRM_Sln\GCPL_Sln\Scripts\App\ProjectTrackerDashboard\Service\ProjectTrackerDashboardService.js
E:\Pratima\CRM Project\VIP_CRM_Sln\GCPL_Sln\Scripts\App\ProjectTrackerDashboard\Service\ProjectTrackerDashboardService.js.map
E:\Pratima\CRM Project\VIP_CRM_Sln\GCPL_Sln\Scripts\App\ProjectTrackerList\Component\ProjectTrackerListComponent.js
E:\Pratima\CRM Project\VIP_CRM_Sln\GCPL_Sln\Scripts\App\ProjectTrackerList\Component\ProjectTrackerListComponent.js.map
E:\Pratima\CRM Project\VIP_CRM_Sln\GCPL_Sln\Scripts\App\ProjectTrackerList\Controller\ProjectTrackerListController.js
E:\Pratima\CRM Project\VIP_CRM_Sln\GCPL_Sln\Scripts\App\ProjectTrackerList\Controller\ProjectTrackerListController.js.map
E:\Pratima\CRM Project\VIP_CRM_Sln\GCPL_Sln\Scripts\App\ProjectTrackerList\Model\ProjectTrackerListModel.js
E:\Pratima\CRM Project\VIP_CRM_Sln\GCPL_Sln\Scripts\App\ProjectTrackerList\Model\ProjectTrackerListModel.js.map
E:\Pratima\CRM Project\VIP_CRM_Sln\GCPL_Sln\Scripts\App\ProjectTrackerList\Service\ProjectTrackerListService.js
E:\Pratima\CRM Project\VIP_CRM_Sln\GCPL_Sln\Scripts\App\ProjectTrackerList\Service\ProjectTrackerListService.js.map
E:\Pratima\CRM Project\VIP_CRM_Sln\GCPL_Sln\Scripts\App\ProjectTrackerZoneWise\Component\ProjectTrackerZoneWiseComponent.js
E:\Pratima\CRM Project\VIP_CRM_Sln\GCPL_Sln\Scripts\App\ProjectTrackerZoneWise\Component\ProjectTrackerZoneWiseComponent.js.map
E:\Pratima\CRM Project\VIP_CRM_Sln\GCPL_Sln\Scripts\App\ProjectTrackerZoneWise\Controller\ProjectTrackerZoneWiseController.js
E:\Pratima\CRM Project\VIP_CRM_Sln\GCPL_Sln\Scripts\App\ProjectTrackerZoneWise\Controller\ProjectTrackerZoneWiseController.js.map
E:\Pratima\CRM Project\VIP_CRM_Sln\GCPL_Sln\Scripts\App\ProjectTrackerZoneWise\Model\ProjectTrackerZoneWiseModel.js
E:\Pratima\CRM Project\VIP_CRM_Sln\GCPL_Sln\Scripts\App\ProjectTrackerZoneWise\Model\ProjectTrackerZoneWiseModel.js.map
E:\Pratima\CRM Project\VIP_CRM_Sln\GCPL_Sln\Scripts\App\ProjectTrackerZoneWise\Service\ProjectTrackerZoneWiseService.js
E:\Pratima\CRM Project\VIP_CRM_Sln\GCPL_Sln\Scripts\App\ProjectTrackerZoneWise\Service\ProjectTrackerZoneWiseService.js.map
E:\Pratima\CRM Project\VIP_CRM_Sln\GCPL_Sln\Scripts\App\ProjectTracker\Component\ProjectTrackerComponent.js
E:\Pratima\CRM Project\VIP_CRM_Sln\GCPL_Sln\Scripts\App\ProjectTracker\Component\ProjectTrackerComponent.js.map
E:\Pratima\CRM Project\VIP_CRM_Sln\GCPL_Sln\Scripts\App\ProjectTracker\Controller\ProjectTrackerController.js
E:\Pratima\CRM Project\VIP_CRM_Sln\GCPL_Sln\Scripts\App\ProjectTracker\Controller\ProjectTrackerController.js.map
E:\Pratima\CRM Project\VIP_CRM_Sln\GCPL_Sln\Scripts\App\ProjectTracker\Model\ProjectTrackerModel.js
E:\Pratima\CRM Project\VIP_CRM_Sln\GCPL_Sln\Scripts\App\ProjectTracker\Model\ProjectTrackerModel.js.map
E:\Pratima\CRM Project\VIP_CRM_Sln\GCPL_Sln\Scripts\App\ProjectTracker\Service\ProjectTrackerService.js
E:\Pratima\CRM Project\VIP_CRM_Sln\GCPL_Sln\Scripts\App\ProjectTracker\Service\ProjectTrackerService.js.map
E:\Pratima\CRM Project\VIP_CRM_Sln\GCPL_Sln\Scripts\App\QuotationList\Component\QuotationListComponent.js
E:\Pratima\CRM Project\VIP_CRM_Sln\GCPL_Sln\Scripts\App\QuotationList\Component\QuotationListComponent.js.map
E:\Pratima\CRM Project\VIP_CRM_Sln\GCPL_Sln\Scripts\App\QuotationList\Controller\QuotationListController.js
E:\Pratima\CRM Project\VIP_CRM_Sln\GCPL_Sln\Scripts\App\QuotationList\Controller\QuotationListController.js.map
E:\Pratima\CRM Project\VIP_CRM_Sln\GCPL_Sln\Scripts\App\QuotationList\Model\QuotationListModel.js
E:\Pratima\CRM Project\VIP_CRM_Sln\GCPL_Sln\Scripts\App\QuotationList\Model\QuotationListModel.js.map
E:\Pratima\CRM Project\VIP_CRM_Sln\GCPL_Sln\Scripts\App\QuotationList\Service\QuotationListService.js
E:\Pratima\CRM Project\VIP_CRM_Sln\GCPL_Sln\Scripts\App\QuotationList\Service\QuotationListService.js.map
E:\Pratima\CRM Project\VIP_CRM_Sln\GCPL_Sln\Scripts\App\QuotationReport\Component\QuotationReportComponent.js
E:\Pratima\CRM Project\VIP_CRM_Sln\GCPL_Sln\Scripts\App\QuotationReport\Component\QuotationReportComponent.js.map
E:\Pratima\CRM Project\VIP_CRM_Sln\GCPL_Sln\Scripts\App\QuotationReport\Controller\QuotationReportController.js
E:\Pratima\CRM Project\VIP_CRM_Sln\GCPL_Sln\Scripts\App\QuotationReport\Controller\QuotationReportController.js.map
E:\Pratima\CRM Project\VIP_CRM_Sln\GCPL_Sln\Scripts\App\QuotationReport\Model\QuotationReportModel.js
E:\Pratima\CRM Project\VIP_CRM_Sln\GCPL_Sln\Scripts\App\QuotationReport\Model\QuotationReportModel.js.map
E:\Pratima\CRM Project\VIP_CRM_Sln\GCPL_Sln\Scripts\App\QuotationReport\Service\QuotationReportService.js
E:\Pratima\CRM Project\VIP_CRM_Sln\GCPL_Sln\Scripts\App\QuotationReport\Service\QuotationReportService.js.map
E:\Pratima\CRM Project\VIP_CRM_Sln\GCPL_Sln\Scripts\App\Ratio\Component\RatioComponent.js
E:\Pratima\CRM Project\VIP_CRM_Sln\GCPL_Sln\Scripts\App\Ratio\Component\RatioComponent.js.map
E:\Pratima\CRM Project\VIP_CRM_Sln\GCPL_Sln\Scripts\App\Ratio\Controller\RatioController.js
E:\Pratima\CRM Project\VIP_CRM_Sln\GCPL_Sln\Scripts\App\Ratio\Controller\RatioController.js.map
E:\Pratima\CRM Project\VIP_CRM_Sln\GCPL_Sln\Scripts\App\Ratio\Model\RatioModel.js
E:\Pratima\CRM Project\VIP_CRM_Sln\GCPL_Sln\Scripts\App\Ratio\Model\RatioModel.js.map
E:\Pratima\CRM Project\VIP_CRM_Sln\GCPL_Sln\Scripts\App\Ratio\Service\RatioService.js
E:\Pratima\CRM Project\VIP_CRM_Sln\GCPL_Sln\Scripts\App\Ratio\Service\RatioService.js.map
E:\Pratima\CRM Project\VIP_CRM_Sln\GCPL_Sln\Scripts\App\ReAllocateLead\Component\ReAllocateLeadComponent.js
E:\Pratima\CRM Project\VIP_CRM_Sln\GCPL_Sln\Scripts\App\ReAllocateLead\Component\ReAllocateLeadComponent.js.map
E:\Pratima\CRM Project\VIP_CRM_Sln\GCPL_Sln\Scripts\App\ReAllocateLead\Controller\ReAllocateLeadController.js
E:\Pratima\CRM Project\VIP_CRM_Sln\GCPL_Sln\Scripts\App\ReAllocateLead\Controller\ReAllocateLeadController.js.map
E:\Pratima\CRM Project\VIP_CRM_Sln\GCPL_Sln\Scripts\App\ReAllocateLead\Model\ReAllocateLeadModel.js
E:\Pratima\CRM Project\VIP_CRM_Sln\GCPL_Sln\Scripts\App\ReAllocateLead\Model\ReAllocateLeadModel.js.map
E:\Pratima\CRM Project\VIP_CRM_Sln\GCPL_Sln\Scripts\App\ReAllocateLead\Service\ReAllocateLeadService.js
E:\Pratima\CRM Project\VIP_CRM_Sln\GCPL_Sln\Scripts\App\ReAllocateLead\Service\ReAllocateLeadService.js.map
E:\Pratima\CRM Project\VIP_CRM_Sln\GCPL_Sln\Scripts\App\RegistrationContactNew\Component\RegistrationContactNewComponent.js
E:\Pratima\CRM Project\VIP_CRM_Sln\GCPL_Sln\Scripts\App\RegistrationContactNew\Component\RegistrationContactNewComponent.js.map
E:\Pratima\CRM Project\VIP_CRM_Sln\GCPL_Sln\Scripts\App\RegistrationContactNew\Controller\RegistrationContactNewController.js
E:\Pratima\CRM Project\VIP_CRM_Sln\GCPL_Sln\Scripts\App\RegistrationContactNew\Controller\RegistrationContactNewController.js.map
E:\Pratima\CRM Project\VIP_CRM_Sln\GCPL_Sln\Scripts\App\RegistrationContactNew\Model\RegistrationContactNewModel.js
E:\Pratima\CRM Project\VIP_CRM_Sln\GCPL_Sln\Scripts\App\RegistrationContactNew\Model\RegistrationContactNewModel.js.map
E:\Pratima\CRM Project\VIP_CRM_Sln\GCPL_Sln\Scripts\App\RegistrationContactNew\Service\RegistrationContactNewService.js
E:\Pratima\CRM Project\VIP_CRM_Sln\GCPL_Sln\Scripts\App\RegistrationContactNew\Service\RegistrationContactNewService.js.map
E:\Pratima\CRM Project\VIP_CRM_Sln\GCPL_Sln\Scripts\App\RegistrationContactUpdate\Component\RegistrationContactUpdateComponent.js
E:\Pratima\CRM Project\VIP_CRM_Sln\GCPL_Sln\Scripts\App\RegistrationContactUpdate\Component\RegistrationContactUpdateComponent.js.map
E:\Pratima\CRM Project\VIP_CRM_Sln\GCPL_Sln\Scripts\App\RegistrationContactUpdate\Controller\RegistrationContactUpdateController.js
E:\Pratima\CRM Project\VIP_CRM_Sln\GCPL_Sln\Scripts\App\RegistrationContactUpdate\Controller\RegistrationContactUpdateController.js.map
E:\Pratima\CRM Project\VIP_CRM_Sln\GCPL_Sln\Scripts\App\RegistrationContactUpdate\Model\RegistrationContactUpdateModel.js
E:\Pratima\CRM Project\VIP_CRM_Sln\GCPL_Sln\Scripts\App\RegistrationContactUpdate\Model\RegistrationContactUpdateModel.js.map
E:\Pratima\CRM Project\VIP_CRM_Sln\GCPL_Sln\Scripts\App\RegistrationContactUpdate\Service\RegistrationContactUpdateService.js
E:\Pratima\CRM Project\VIP_CRM_Sln\GCPL_Sln\Scripts\App\RegistrationContactUpdate\Service\RegistrationContactUpdateService.js.map
E:\Pratima\CRM Project\VIP_CRM_Sln\GCPL_Sln\Scripts\App\RegistrationContact\Component\RegistrationContactComponent.js
E:\Pratima\CRM Project\VIP_CRM_Sln\GCPL_Sln\Scripts\App\RegistrationContact\Component\RegistrationContactComponent.js.map
E:\Pratima\CRM Project\VIP_CRM_Sln\GCPL_Sln\Scripts\App\RegistrationContact\Controller\RegistrationContactController.js
E:\Pratima\CRM Project\VIP_CRM_Sln\GCPL_Sln\Scripts\App\RegistrationContact\Controller\RegistrationContactController.js.map
E:\Pratima\CRM Project\VIP_CRM_Sln\GCPL_Sln\Scripts\App\RegistrationContact\Model\RegistrationContactModel.js
E:\Pratima\CRM Project\VIP_CRM_Sln\GCPL_Sln\Scripts\App\RegistrationContact\Model\RegistrationContactModel.js.map
E:\Pratima\CRM Project\VIP_CRM_Sln\GCPL_Sln\Scripts\App\RegistrationContact\Service\RegistrationContactService.js
E:\Pratima\CRM Project\VIP_CRM_Sln\GCPL_Sln\Scripts\App\RegistrationContact\Service\RegistrationContactService.js.map
E:\Pratima\CRM Project\VIP_CRM_Sln\GCPL_Sln\Scripts\App\RewardReport\Component\RewardReportComponent.js
E:\Pratima\CRM Project\VIP_CRM_Sln\GCPL_Sln\Scripts\App\RewardReport\Component\RewardReportComponent.js.map
E:\Pratima\CRM Project\VIP_CRM_Sln\GCPL_Sln\Scripts\App\RewardReport\Controller\RewardReportController.js
E:\Pratima\CRM Project\VIP_CRM_Sln\GCPL_Sln\Scripts\App\RewardReport\Controller\RewardReportController.js.map
E:\Pratima\CRM Project\VIP_CRM_Sln\GCPL_Sln\Scripts\App\RewardReport\Model\RewardReportModel.js
E:\Pratima\CRM Project\VIP_CRM_Sln\GCPL_Sln\Scripts\App\RewardReport\Model\RewardReportModel.js.map
E:\Pratima\CRM Project\VIP_CRM_Sln\GCPL_Sln\Scripts\App\RewardReport\Service\RewardReportService.js
E:\Pratima\CRM Project\VIP_CRM_Sln\GCPL_Sln\Scripts\App\RewardReport\Service\RewardReportService.js.map
E:\Pratima\CRM Project\VIP_CRM_Sln\GCPL_Sln\Scripts\App\RoleAccessManagement\Component\RoleAccessManagementComponent.js
E:\Pratima\CRM Project\VIP_CRM_Sln\GCPL_Sln\Scripts\App\RoleAccessManagement\Component\RoleAccessManagementComponent.js.map
E:\Pratima\CRM Project\VIP_CRM_Sln\GCPL_Sln\Scripts\App\RoleAccessManagement\Controller\RoleAccessManagementController.js
E:\Pratima\CRM Project\VIP_CRM_Sln\GCPL_Sln\Scripts\App\RoleAccessManagement\Controller\RoleAccessManagementController.js.map
E:\Pratima\CRM Project\VIP_CRM_Sln\GCPL_Sln\Scripts\App\RoleAccessManagement\Model\RoleAccessManagementModel.js
E:\Pratima\CRM Project\VIP_CRM_Sln\GCPL_Sln\Scripts\App\RoleAccessManagement\Model\RoleAccessManagementModel.js.map
E:\Pratima\CRM Project\VIP_CRM_Sln\GCPL_Sln\Scripts\App\RoleAccessManagement\Service\RoleAccessManagementService.js
E:\Pratima\CRM Project\VIP_CRM_Sln\GCPL_Sln\Scripts\App\RoleAccessManagement\Service\RoleAccessManagementService.js.map
E:\Pratima\CRM Project\VIP_CRM_Sln\GCPL_Sln\Scripts\App\RoleMaster\Component\RoleMasterComponent.js
E:\Pratima\CRM Project\VIP_CRM_Sln\GCPL_Sln\Scripts\App\RoleMaster\Component\RoleMasterComponent.js.map
E:\Pratima\CRM Project\VIP_CRM_Sln\GCPL_Sln\Scripts\App\RoleMaster\Controller\RoleMasterController.js
E:\Pratima\CRM Project\VIP_CRM_Sln\GCPL_Sln\Scripts\App\RoleMaster\Controller\RoleMasterController.js.map
E:\Pratima\CRM Project\VIP_CRM_Sln\GCPL_Sln\Scripts\App\RoleMaster\Model\RoleMasterModel.js
E:\Pratima\CRM Project\VIP_CRM_Sln\GCPL_Sln\Scripts\App\RoleMaster\Model\RoleMasterModel.js.map
E:\Pratima\CRM Project\VIP_CRM_Sln\GCPL_Sln\Scripts\App\RoleMaster\Service\RoleMasterService.js
E:\Pratima\CRM Project\VIP_CRM_Sln\GCPL_Sln\Scripts\App\RoleMaster\Service\RoleMasterService.js.map
E:\Pratima\CRM Project\VIP_CRM_Sln\GCPL_Sln\Scripts\App\SalesAreaDetermination\Component\SalesAreaDeterminationComponent.js
E:\Pratima\CRM Project\VIP_CRM_Sln\GCPL_Sln\Scripts\App\SalesAreaDetermination\Component\SalesAreaDeterminationComponent.js.map
E:\Pratima\CRM Project\VIP_CRM_Sln\GCPL_Sln\Scripts\App\SalesAreaDetermination\Controller\SalesAreaDeterminationController.js
E:\Pratima\CRM Project\VIP_CRM_Sln\GCPL_Sln\Scripts\App\SalesAreaDetermination\Controller\SalesAreaDeterminationController.js.map
E:\Pratima\CRM Project\VIP_CRM_Sln\GCPL_Sln\Scripts\App\SalesAreaDetermination\Model\SalesAreaDeterminationModel.js
E:\Pratima\CRM Project\VIP_CRM_Sln\GCPL_Sln\Scripts\App\SalesAreaDetermination\Model\SalesAreaDeterminationModel.js.map
E:\Pratima\CRM Project\VIP_CRM_Sln\GCPL_Sln\Scripts\App\SalesAreaDetermination\Service\SalesAreaDeterminationService.js
E:\Pratima\CRM Project\VIP_CRM_Sln\GCPL_Sln\Scripts\App\SalesAreaDetermination\Service\SalesAreaDeterminationService.js.map
E:\Pratima\CRM Project\VIP_CRM_Sln\GCPL_Sln\Scripts\App\SalesOffice\Component\SalesOfficeComponent.js
E:\Pratima\CRM Project\VIP_CRM_Sln\GCPL_Sln\Scripts\App\SalesOffice\Component\SalesOfficeComponent.js.map
E:\Pratima\CRM Project\VIP_CRM_Sln\GCPL_Sln\Scripts\App\SalesOffice\Controller\SalesOfficeController.js
E:\Pratima\CRM Project\VIP_CRM_Sln\GCPL_Sln\Scripts\App\SalesOffice\Controller\SalesOfficeController.js.map
E:\Pratima\CRM Project\VIP_CRM_Sln\GCPL_Sln\Scripts\App\SalesOffice\Model\SalesOfficeModel.js
E:\Pratima\CRM Project\VIP_CRM_Sln\GCPL_Sln\Scripts\App\SalesOffice\Model\SalesOfficeModel.js.map
E:\Pratima\CRM Project\VIP_CRM_Sln\GCPL_Sln\Scripts\App\SalesOffice\Service\SalesOfficeService.js
E:\Pratima\CRM Project\VIP_CRM_Sln\GCPL_Sln\Scripts\App\SalesOffice\Service\SalesOfficeService.js.map
E:\Pratima\CRM Project\VIP_CRM_Sln\GCPL_Sln\Scripts\App\SalesRepProductivityDashboard\Component\SalesRepProductivityDashboardComponent.js
E:\Pratima\CRM Project\VIP_CRM_Sln\GCPL_Sln\Scripts\App\SalesRepProductivityDashboard\Component\SalesRepProductivityDashboardComponent.js.map
E:\Pratima\CRM Project\VIP_CRM_Sln\GCPL_Sln\Scripts\App\SalesRepProductivityDashboard\Controller\SalesRepProductivityDashboardController.js
E:\Pratima\CRM Project\VIP_CRM_Sln\GCPL_Sln\Scripts\App\SalesRepProductivityDashboard\Controller\SalesRepProductivityDashboardController.js.map
E:\Pratima\CRM Project\VIP_CRM_Sln\GCPL_Sln\Scripts\App\SalesRepProductivityDashboard\Model\SalesRepProductivityDashboardModel.js
E:\Pratima\CRM Project\VIP_CRM_Sln\GCPL_Sln\Scripts\App\SalesRepProductivityDashboard\Model\SalesRepProductivityDashboardModel.js.map
E:\Pratima\CRM Project\VIP_CRM_Sln\GCPL_Sln\Scripts\App\SalesRepProductivityDashboard\Service\SalesRepProductivityDashboardService.js
E:\Pratima\CRM Project\VIP_CRM_Sln\GCPL_Sln\Scripts\App\SalesRepProductivityDashboard\Service\SalesRepProductivityDashboardService.js.map
E:\Pratima\CRM Project\VIP_CRM_Sln\GCPL_Sln\Scripts\App\ShowDuplicateLeads\Component\ShowDuplicateLeadsComponent.js
E:\Pratima\CRM Project\VIP_CRM_Sln\GCPL_Sln\Scripts\App\ShowDuplicateLeads\Component\ShowDuplicateLeadsComponent.js.map
E:\Pratima\CRM Project\VIP_CRM_Sln\GCPL_Sln\Scripts\App\ShowDuplicateLeads\Controller\ShowDuplicateLeadsController.js
E:\Pratima\CRM Project\VIP_CRM_Sln\GCPL_Sln\Scripts\App\ShowDuplicateLeads\Controller\ShowDuplicateLeadsController.js.map
E:\Pratima\CRM Project\VIP_CRM_Sln\GCPL_Sln\Scripts\App\ShowDuplicateLeads\Model\ShowDuplicateLeadsModel.js
E:\Pratima\CRM Project\VIP_CRM_Sln\GCPL_Sln\Scripts\App\ShowDuplicateLeads\Model\ShowDuplicateLeadsModel.js.map
E:\Pratima\CRM Project\VIP_CRM_Sln\GCPL_Sln\Scripts\App\ShowDuplicateLeads\Service\ShowDuplicateLeadsService.js
E:\Pratima\CRM Project\VIP_CRM_Sln\GCPL_Sln\Scripts\App\ShowDuplicateLeads\Service\ShowDuplicateLeadsService.js.map
E:\Pratima\CRM Project\VIP_CRM_Sln\GCPL_Sln\Scripts\App\StateRegionMatrix\Component\StateRegionMatrixComponent.js
E:\Pratima\CRM Project\VIP_CRM_Sln\GCPL_Sln\Scripts\App\StateRegionMatrix\Component\StateRegionMatrixComponent.js.map
E:\Pratima\CRM Project\VIP_CRM_Sln\GCPL_Sln\Scripts\App\StateRegionMatrix\Controller\StateRegionMatrixController.js
E:\Pratima\CRM Project\VIP_CRM_Sln\GCPL_Sln\Scripts\App\StateRegionMatrix\Controller\StateRegionMatrixController.js.map
E:\Pratima\CRM Project\VIP_CRM_Sln\GCPL_Sln\Scripts\App\StateRegionMatrix\Model\StateRegionMatrixModel.js
E:\Pratima\CRM Project\VIP_CRM_Sln\GCPL_Sln\Scripts\App\StateRegionMatrix\Model\StateRegionMatrixModel.js.map
E:\Pratima\CRM Project\VIP_CRM_Sln\GCPL_Sln\Scripts\App\StateRegionMatrix\Service\StateRegionMatrixService.js
E:\Pratima\CRM Project\VIP_CRM_Sln\GCPL_Sln\Scripts\App\StateRegionMatrix\Service\StateRegionMatrixService.js.map
E:\Pratima\CRM Project\VIP_CRM_Sln\GCPL_Sln\Scripts\App\TargetList\Component\TargetListComponent.js
E:\Pratima\CRM Project\VIP_CRM_Sln\GCPL_Sln\Scripts\App\TargetList\Component\TargetListComponent.js.map
E:\Pratima\CRM Project\VIP_CRM_Sln\GCPL_Sln\Scripts\App\TargetList\Controller\TargetListController.js
E:\Pratima\CRM Project\VIP_CRM_Sln\GCPL_Sln\Scripts\App\TargetList\Controller\TargetListController.js.map
E:\Pratima\CRM Project\VIP_CRM_Sln\GCPL_Sln\Scripts\App\TargetList\Model\TargetListModel.js
E:\Pratima\CRM Project\VIP_CRM_Sln\GCPL_Sln\Scripts\App\TargetList\Model\TargetListModel.js.map
E:\Pratima\CRM Project\VIP_CRM_Sln\GCPL_Sln\Scripts\App\TargetList\Service\TargetListService.js
E:\Pratima\CRM Project\VIP_CRM_Sln\GCPL_Sln\Scripts\App\TargetList\Service\TargetListService.js.map
E:\Pratima\CRM Project\VIP_CRM_Sln\GCPL_Sln\Scripts\App\TeamLead\Component\TeamLeadComponent.js
E:\Pratima\CRM Project\VIP_CRM_Sln\GCPL_Sln\Scripts\App\TeamLead\Component\TeamLeadComponent.js.map
E:\Pratima\CRM Project\VIP_CRM_Sln\GCPL_Sln\Scripts\App\TeamLead\Controller\TeamLeadController.js
E:\Pratima\CRM Project\VIP_CRM_Sln\GCPL_Sln\Scripts\App\TeamLead\Controller\TeamLeadController.js.map
E:\Pratima\CRM Project\VIP_CRM_Sln\GCPL_Sln\Scripts\App\TeamLead\Model\TeamLeadModel.js
E:\Pratima\CRM Project\VIP_CRM_Sln\GCPL_Sln\Scripts\App\TeamLead\Model\TeamLeadModel.js.map
E:\Pratima\CRM Project\VIP_CRM_Sln\GCPL_Sln\Scripts\App\TeamLead\Service\TeamLeadService.js
E:\Pratima\CRM Project\VIP_CRM_Sln\GCPL_Sln\Scripts\App\TeamLead\Service\TeamLeadService.js.map
E:\Pratima\CRM Project\VIP_CRM_Sln\GCPL_Sln\Scripts\App\UIDesignLibrary.js
E:\Pratima\CRM Project\VIP_CRM_Sln\GCPL_Sln\Scripts\App\UIDesignLibrary.js.map
E:\Pratima\CRM Project\VIP_CRM_Sln\GCPL_Sln\Scripts\App\UploadCampaignData\Component\UploadCampaignDataComponent.js
E:\Pratima\CRM Project\VIP_CRM_Sln\GCPL_Sln\Scripts\App\UploadCampaignData\Component\UploadCampaignDataComponent.js.map
E:\Pratima\CRM Project\VIP_CRM_Sln\GCPL_Sln\Scripts\App\UploadCampaignData\Controller\UploadCampaignDataContoller.js
E:\Pratima\CRM Project\VIP_CRM_Sln\GCPL_Sln\Scripts\App\UploadCampaignData\Controller\UploadCampaignDataContoller.js.map
E:\Pratima\CRM Project\VIP_CRM_Sln\GCPL_Sln\Scripts\App\UploadCampaignData\Model\UploadCampaignDataModel.js
E:\Pratima\CRM Project\VIP_CRM_Sln\GCPL_Sln\Scripts\App\UploadCampaignData\Model\UploadCampaignDataModel.js.map
E:\Pratima\CRM Project\VIP_CRM_Sln\GCPL_Sln\Scripts\App\UploadCampaignData\Service\UploadCampaignDataSevice.js
E:\Pratima\CRM Project\VIP_CRM_Sln\GCPL_Sln\Scripts\App\UploadCampaignData\Service\UploadCampaignDataSevice.js.map
E:\Pratima\CRM Project\VIP_CRM_Sln\GCPL_Sln\Scripts\App\UploadDocuments\Component\UploadDocumentsComponent.js
E:\Pratima\CRM Project\VIP_CRM_Sln\GCPL_Sln\Scripts\App\UploadDocuments\Component\UploadDocumentsComponent.js.map
E:\Pratima\CRM Project\VIP_CRM_Sln\GCPL_Sln\Scripts\App\UploadDocuments\Controller\UploadDocumentsController.js
E:\Pratima\CRM Project\VIP_CRM_Sln\GCPL_Sln\Scripts\App\UploadDocuments\Controller\UploadDocumentsController.js.map
E:\Pratima\CRM Project\VIP_CRM_Sln\GCPL_Sln\Scripts\App\UploadDocuments\Model\UploadDocumentsModel.js
E:\Pratima\CRM Project\VIP_CRM_Sln\GCPL_Sln\Scripts\App\UploadDocuments\Model\UploadDocumentsModel.js.map
E:\Pratima\CRM Project\VIP_CRM_Sln\GCPL_Sln\Scripts\App\UploadDocuments\Service\UploadDocumentsService.js
E:\Pratima\CRM Project\VIP_CRM_Sln\GCPL_Sln\Scripts\App\UploadDocuments\Service\UploadDocumentsService.js.map
E:\Pratima\CRM Project\VIP_CRM_Sln\GCPL_Sln\Scripts\App\UserDashboard\Component\UserDashboardComponent.js
E:\Pratima\CRM Project\VIP_CRM_Sln\GCPL_Sln\Scripts\App\UserDashboard\Component\UserDashboardComponent.js.map
E:\Pratima\CRM Project\VIP_CRM_Sln\GCPL_Sln\Scripts\App\UserDashboard\Controller\UserDashboardController.js
E:\Pratima\CRM Project\VIP_CRM_Sln\GCPL_Sln\Scripts\App\UserDashboard\Controller\UserDashboardController.js.map
E:\Pratima\CRM Project\VIP_CRM_Sln\GCPL_Sln\Scripts\App\UserDashboard\Model\UserDashboardModel.js
E:\Pratima\CRM Project\VIP_CRM_Sln\GCPL_Sln\Scripts\App\UserDashboard\Model\UserDashboardModel.js.map
E:\Pratima\CRM Project\VIP_CRM_Sln\GCPL_Sln\Scripts\App\UserDashboard\Service\UserDashboardService.js
E:\Pratima\CRM Project\VIP_CRM_Sln\GCPL_Sln\Scripts\App\UserDashboard\Service\UserDashboardService.js.map
E:\Pratima\CRM Project\VIP_CRM_Sln\GCPL_Sln\Scripts\App\UserLog\Component\UserLogComponent.js
E:\Pratima\CRM Project\VIP_CRM_Sln\GCPL_Sln\Scripts\App\UserLog\Component\UserLogComponent.js.map
E:\Pratima\CRM Project\VIP_CRM_Sln\GCPL_Sln\Scripts\App\UserLog\Controller\UserLogController.js
E:\Pratima\CRM Project\VIP_CRM_Sln\GCPL_Sln\Scripts\App\UserLog\Controller\UserLogController.js.map
E:\Pratima\CRM Project\VIP_CRM_Sln\GCPL_Sln\Scripts\App\UserLog\Model\UserLogModel.js
E:\Pratima\CRM Project\VIP_CRM_Sln\GCPL_Sln\Scripts\App\UserLog\Model\UserLogModel.js.map
E:\Pratima\CRM Project\VIP_CRM_Sln\GCPL_Sln\Scripts\App\UserLog\Service\UserLogService.js
E:\Pratima\CRM Project\VIP_CRM_Sln\GCPL_Sln\Scripts\App\UserLog\Service\UserLogService.js.map
E:\Pratima\CRM Project\VIP_CRM_Sln\GCPL_Sln\Scripts\App\UserMaster\Component\UserMasterComponent.js
E:\Pratima\CRM Project\VIP_CRM_Sln\GCPL_Sln\Scripts\App\UserMaster\Component\UserMasterComponent.js.map
E:\Pratima\CRM Project\VIP_CRM_Sln\GCPL_Sln\Scripts\App\UserMaster\Controller\UserMasterController.js
E:\Pratima\CRM Project\VIP_CRM_Sln\GCPL_Sln\Scripts\App\UserMaster\Controller\UserMasterController.js.map
E:\Pratima\CRM Project\VIP_CRM_Sln\GCPL_Sln\Scripts\App\UserMaster\Model\UserMasterModel.js
E:\Pratima\CRM Project\VIP_CRM_Sln\GCPL_Sln\Scripts\App\UserMaster\Model\UserMasterModel.js.map
E:\Pratima\CRM Project\VIP_CRM_Sln\GCPL_Sln\Scripts\App\UserMaster\Service\UserMasterService.js
E:\Pratima\CRM Project\VIP_CRM_Sln\GCPL_Sln\Scripts\App\UserMaster\Service\UserMasterService.js.map
E:\Pratima\CRM Project\VIP_CRM_Sln\GCPL_Sln\Scripts\App\UserProductConfig\Component\UserProductConfigComponent.js
E:\Pratima\CRM Project\VIP_CRM_Sln\GCPL_Sln\Scripts\App\UserProductConfig\Component\UserProductConfigComponent.js.map
E:\Pratima\CRM Project\VIP_CRM_Sln\GCPL_Sln\Scripts\App\UserProductConfig\Controller\UserProductConfigController.js
E:\Pratima\CRM Project\VIP_CRM_Sln\GCPL_Sln\Scripts\App\UserProductConfig\Controller\UserProductConfigController.js.map
E:\Pratima\CRM Project\VIP_CRM_Sln\GCPL_Sln\Scripts\App\UserProductConfig\Model\UserProductConfigModel.js
E:\Pratima\CRM Project\VIP_CRM_Sln\GCPL_Sln\Scripts\App\UserProductConfig\Model\UserProductConfigModel.js.map
E:\Pratima\CRM Project\VIP_CRM_Sln\GCPL_Sln\Scripts\App\UserProductConfig\Service\UserProductConfigService.js
E:\Pratima\CRM Project\VIP_CRM_Sln\GCPL_Sln\Scripts\App\UserProductConfig\Service\UserProductConfigService.js.map
E:\Pratima\CRM Project\VIP_CRM_Sln\GCPL_Sln\Scripts\App\Utility\AjaxUtility.js
E:\Pratima\CRM Project\VIP_CRM_Sln\GCPL_Sln\Scripts\App\Utility\AjaxUtility.js.map
E:\Pratima\CRM Project\VIP_CRM_Sln\GCPL_Sln\Scripts\App\Utility\ImageUploadService.js
E:\Pratima\CRM Project\VIP_CRM_Sln\GCPL_Sln\Scripts\App\Utility\ImageUploadService.js.map
E:\Pratima\CRM Project\VIP_CRM_Sln\GCPL_Sln\Scripts\App\ViewQuotation\Component\ViewQuotationComponent.js
E:\Pratima\CRM Project\VIP_CRM_Sln\GCPL_Sln\Scripts\App\ViewQuotation\Component\ViewQuotationComponent.js.map
E:\Pratima\CRM Project\VIP_CRM_Sln\GCPL_Sln\Scripts\App\ViewQuotation\Controller\ViewQuotationController.js
E:\Pratima\CRM Project\VIP_CRM_Sln\GCPL_Sln\Scripts\App\ViewQuotation\Controller\ViewQuotationController.js.map
E:\Pratima\CRM Project\VIP_CRM_Sln\GCPL_Sln\Scripts\App\ViewQuotation\Model\ViewQuotationModel.js
E:\Pratima\CRM Project\VIP_CRM_Sln\GCPL_Sln\Scripts\App\ViewQuotation\Model\ViewQuotationModel.js.map
E:\Pratima\CRM Project\VIP_CRM_Sln\GCPL_Sln\Scripts\App\ViewQuotation\Service\ViewQuotationService.js
E:\Pratima\CRM Project\VIP_CRM_Sln\GCPL_Sln\Scripts\App\ViewQuotation\Service\ViewQuotationService.js.map
E:\Pratima\CRM Project\VIP_CRM_Sln\GCPL_Sln\Scripts\App\WinLossHeatReport\Component\WinLossHeatComponent.js
E:\Pratima\CRM Project\VIP_CRM_Sln\GCPL_Sln\Scripts\App\WinLossHeatReport\Component\WinLossHeatComponent.js.map
E:\Pratima\CRM Project\VIP_CRM_Sln\GCPL_Sln\Scripts\App\WinLossHeatReport\Controller\WinLossHeatController.js
E:\Pratima\CRM Project\VIP_CRM_Sln\GCPL_Sln\Scripts\App\WinLossHeatReport\Controller\WinLossHeatController.js.map
E:\Pratima\CRM Project\VIP_CRM_Sln\GCPL_Sln\Scripts\App\WinLossHeatReport\Model\WinLossHeatModel.js
E:\Pratima\CRM Project\VIP_CRM_Sln\GCPL_Sln\Scripts\App\WinLossHeatReport\Model\WinLossHeatModel.js.map
E:\Pratima\CRM Project\VIP_CRM_Sln\GCPL_Sln\Scripts\App\WinLossHeatReport\Service\WinLossHeatService.js
E:\Pratima\CRM Project\VIP_CRM_Sln\GCPL_Sln\Scripts\App\WinLossHeatReport\Service\WinLossHeatService.js.map
